Using pre-set license
Built from '2021.3/staging' branch; Version is '2021.3.8f1 (b30333d56e81) revision 11731763'; Using compiler version '192829333'; Build Type 'Release'
OS: 'Windows 10  (10.0.19044) 64bit Professional' Language: 'ko' Physical Memory: 65450 MB
BatchMode: 1, IsHumanControllingUs: 0, StartBugReporterOnCrash: 0, Is64bit: 1, IsPro: 1

COMMAND LINE ARGUMENTS:
G:\Unity Editor\2021.3.8f1\Editor\Unity.exe
-adb2
-batchMode
-noUpm
-name
AssetImportWorker1
-projectPath
G:/Git_Horizontally Scrolling Shooter Repository/Horizontally-Scrolling-Shooter
-logFile
Logs/AssetImportWorker1.log
-srvPort
13646
Successfully changed project path to: G:/Git_Horizontally Scrolling Shooter Repository/Horizontally-Scrolling-Shooter
G:/Git_Horizontally Scrolling Shooter Repository/Horizontally-Scrolling-Shooter
[UnityMemory] Configuration Parameters - Can be set up in boot.config
    "memorysetup-bucket-allocator-granularity=16"
    "memorysetup-bucket-allocator-bucket-count=8"
    "memorysetup-bucket-allocator-block-size=33554432"
    "memorysetup-bucket-allocator-block-count=8"
    "memorysetup-main-allocator-block-size=16777216"
    "memorysetup-thread-allocator-block-size=16777216"
    "memorysetup-gfx-main-allocator-block-size=16777216"
    "memorysetup-gfx-thread-allocator-block-size=16777216"
    "memorysetup-cache-allocator-block-size=4194304"
    "memorysetup-typetree-allocator-block-size=2097152"
    "memorysetup-profiler-bucket-allocator-granularity=16"
    "memorysetup-profiler-bucket-allocator-bucket-count=8"
    "memorysetup-profiler-bucket-allocator-block-size=33554432"
    "memorysetup-profiler-bucket-allocator-block-count=8"
    "memorysetup-profiler-allocator-block-size=16777216"
    "memorysetup-profiler-editor-allocator-block-size=1048576"
    "memorysetup-temp-allocator-size-main=16777216"
    "memorysetup-job-temp-allocator-block-size=2097152"
    "memorysetup-job-temp-allocator-block-size-background=1048576"
    "memorysetup-job-temp-allocator-reduction-small-platforms=262144"
    "memorysetup-temp-allocator-size-background-worker=32768"
    "memorysetup-temp-allocator-size-job-worker=262144"
    "memorysetup-temp-allocator-size-preload-manager=33554432"
    "memorysetup-temp-allocator-size-nav-mesh-worker=65536"
    "memorysetup-temp-allocator-size-audio-worker=65536"
    "memorysetup-temp-allocator-size-cloud-worker=32768"
    "memorysetup-temp-allocator-size-gi-baking-worker=262144"
    "memorysetup-temp-allocator-size-gfx=262144"
Refreshing native plugins compatible for Editor in 96.02 ms, found 4 plugins.
Preloading 0 native plugins for Editor in 0.00 ms.
Initialize engine version: 2021.3.8f1 (b30333d56e81)
[Subsystems] Discovering subsystems at path G:/Unity Editor/2021.3.8f1/Editor/Data/Resources/UnitySubsystems
[Subsystems] Discovering subsystems at path G:/Git_Horizontally Scrolling Shooter Repository/Horizontally-Scrolling-Shooter/Assets
GfxDevice: creating device client; threaded=0; jobified=0
Direct3D:
    Version:  Direct3D 11.0 [level 11.1]
    Renderer: AMD Radeon RX 6600 XT (ID=0x73ff)
    Vendor:   ATI
    VRAM:     8147 MB
    Driver:   30.0.15021.11005
Initialize mono
Mono path[0] = 'G:/Unity Editor/2021.3.8f1/Editor/Data/Managed'
Mono path[1] = 'G:/Unity Editor/2021.3.8f1/Editor/Data/MonoBleedingEdge/lib/mono/unityjit-win32'
Mono config path = 'G:/Unity Editor/2021.3.8f1/Editor/Data/MonoBleedingEdge/etc'
Using monoOptions --debugger-agent=transport=dt_socket,embedding=1,server=y,suspend=n,address=127.0.0.1:56980
Begin MonoManager ReloadAssembly
Registering precompiled unity dll's ...
Register platform support module: G:/Unity Editor/2021.3.8f1/Editor/Data/PlaybackEngines/WebGLSupport/UnityEditor.WebGL.Extensions.dll
Register platform support module: G:/Unity Editor/2021.3.8f1/Editor/Data/PlaybackEngines/AndroidPlayer/UnityEditor.Android.Extensions.dll
Register platform support module: G:/Unity Editor/2021.3.8f1/Editor/Data/PlaybackEngines/iOSSupport/UnityEditor.iOS.Extensions.dll
Register platform support module: G:/Unity Editor/2021.3.8f1/Editor/Data/PlaybackEngines/WindowsStandaloneSupport/UnityEditor.WindowsStandalone.Extensions.dll
Registered in 0.003211 seconds.
Native extension for WindowsStandalone target not found
[usbmuxd] Start listen thread
[usbmuxd] Listen thread started
Native extension for iOS target not found
Native extension for Android target not found
Native extension for WebGL target not found
Refreshing native plugins compatible for Editor in 88.26 ms, found 4 plugins.
Preloading 0 native plugins for Editor in 0.00 ms.
Mono: successfully reloaded assembly
- Completed reload, in  0.492 seconds
Domain Reload Profiling:
	ReloadAssembly (492ms)
		BeginReloadAssembly (73ms)
			ExecutionOrderSort (0ms)
			DisableScriptedObjects (0ms)
			BackupInstance (0ms)
			ReleaseScriptingObjects (0ms)
			CreateAndSetChildDomain (0ms)
		EndReloadAssembly (349ms)
			LoadAssemblies (74ms)
			RebuildTransferFunctionScriptingTraits (0ms)
			SetupTypeCache (71ms)
			ReleaseScriptCaches (0ms)
			RebuildScriptCaches (19ms)
			SetupLoadedEditorAssemblies (225ms)
				LogAssemblyErrors (0ms)
				InitializePlatformSupportModulesInManaged (40ms)
				SetLoadedEditorAssemblies (0ms)
				RefreshPlugins (88ms)
				BeforeProcessingInitializeOnLoad (1ms)
				ProcessInitializeOnLoadAttributes (66ms)
				ProcessInitializeOnLoadMethodAttributes (29ms)
				AfterProcessingInitializeOnLoad (0ms)
				EditorAssembliesLoaded (0ms)
			ExecutionOrderSort2 (0ms)
			AwakeInstancesAfterBackupRestoration (0ms)
Platform modules already initialized, skipping
Registering precompiled user dll's ...
Registered in 0.006724 seconds.
Begin MonoManager ReloadAssembly
Symbol file LoadedFromMemory doesn't match image G:\Git_Horizontally Scrolling Shooter Repository\Horizontally-Scrolling-Shooter\Library\PackageCache\com.unity.visualscripting@1.7.8\Editor\VisualScripting.Core\Dependencies\YamlDotNet\Unity.VisualScripting.YamlDotNet.dll
Symbol file LoadedFromMemory doesn't match image G:\Git_Horizontally Scrolling Shooter Repository\Horizontally-Scrolling-Shooter\Library\PackageCache\com.unity.visualscripting@1.7.8\Editor\VisualScripting.Core\Dependencies\DotNetZip\Unity.VisualScripting.IonicZip.dll
Native extension for WindowsStandalone target not found
Native extension for iOS target not found
Native extension for Android target not found
Native extension for WebGL target not found
Refreshing native plugins compatible for Editor in 90.84 ms, found 4 plugins.
Preloading 0 native plugins for Editor in 0.00 ms.
Mono: successfully reloaded assembly
- Completed reload, in  1.075 seconds
Domain Reload Profiling:
	ReloadAssembly (1076ms)
		BeginReloadAssembly (200ms)
			ExecutionOrderSort (0ms)
			DisableScriptedObjects (4ms)
			BackupInstance (0ms)
			ReleaseScriptingObjects (0ms)
			CreateAndSetChildDomain (119ms)
		EndReloadAssembly (805ms)
			LoadAssemblies (98ms)
			RebuildTransferFunctionScriptingTraits (0ms)
			SetupTypeCache (178ms)
			ReleaseScriptCaches (1ms)
			RebuildScriptCaches (52ms)
			SetupLoadedEditorAssemblies (469ms)
				LogAssemblyErrors (0ms)
				InitializePlatformSupportModulesInManaged (14ms)
				SetLoadedEditorAssemblies (0ms)
				RefreshPlugins (91ms)
				BeforeProcessingInitializeOnLoad (92ms)
				ProcessInitializeOnLoadAttributes (205ms)
				ProcessInitializeOnLoadMethodAttributes (65ms)
				AfterProcessingInitializeOnLoad (2ms)
				EditorAssembliesLoaded (0ms)
			ExecutionOrderSort2 (0ms)
			AwakeInstancesAfterBackupRestoration (4ms)
Platform modules already initialized, skipping
========================================================================
Worker process is ready to serve import requests
Launched and connected shader compiler UnityShaderCompiler.exe after 0.04 seconds
Refreshing native plugins compatible for Editor in 1.06 ms, found 4 plugins.
Preloading 0 native plugins for Editor in 0.00 ms.
Unloading 5738 Unused Serialized files (Serialized files now loaded: 0)
Unloading 58 unused Assets / (1.2 MB). Loaded Objects now: 6191.
Memory consumption went from 232.2 MB to 231.0 MB.
Total: 3.488800 ms (FindLiveObjects: 0.360500 ms CreateObjectMapping: 0.125700 ms MarkObjects: 2.612800 ms  DeleteObjects: 0.389300 ms)

AssetImportParameters requested are different than current active one (requested -> active):
  custom:video-decoder-ogg-theora: a1e56fd34408186e4bbccfd4996cb3dc -> 
  custom:container-muxer-webm: aa71ff27fc2769a1b78a27578f13a17b -> 
  custom:container-demuxer-webm: 4f35f7cbe854078d1ac9338744f61a02 -> 
  custom:video-encoder-webm-vp8: eb34c28f22e8b96e1ab97ce403110664 -> 
  custom:audio-encoder-webm-vorbis: bf7c407c2cedff20999df2af8eb42d56 -> 
  custom:framework-win-MediaFoundation: 216162199b28c13a410421893ffa2e32 -> 
  custom:container-demuxer-ogg: 62fdf1f143b41e24485cea50d1cbac27 -> 
  custom:video-decoder-webm-vp8: 9c59270c3fd7afecdb556c50c9e8de78 -> 
  custom:audio-decoder-ogg-vorbis: bf7c407c2cedff20999df2af8eb42d56 -> 
========================================================================
Received Import Request.
  Time since last request: 95178.121888 seconds.
  path: Assets/My Resources/Space Shooter Art Resources/Textures/Serpent/serpent rear.PNG
  artifactKey: Guid(7918c5b0584ca204cacf7a03ab32f5ff) Importer(815301076,1909f56bfc062723c751e8b465ee728b)
Start importing Assets/My Resources/Space Shooter Art Resources/Textures/Serpent/serpent rear.PNG using Guid(7918c5b0584ca204cacf7a03ab32f5ff) Importer(815301076,1909f56bfc062723c751e8b465ee728b)  -> (artifact id: 'ca96b1ba98f34f75eb2a47badaad93a4') in 0.146378 seconds 
========================================================================
Received Import Request.
  Time since last request: 0.000014 seconds.
  path: Assets/My Resources/Space Shooter Art Resources/Textures/Serpent/serpent head.PNG
  artifactKey: Guid(6d89088652030a9448ea9707d9ceb74c) Importer(815301076,1909f56bfc062723c751e8b465ee728b)
Start importing Assets/My Resources/Space Shooter Art Resources/Textures/Serpent/serpent head.PNG using Guid(6d89088652030a9448ea9707d9ceb74c) Importer(815301076,1909f56bfc062723c751e8b465ee728b)  -> (artifact id: '5595e2049b430cfd287a2162e15cdf71') in 0.041841 seconds 
========================================================================
Received Import Request.
  Time since last request: 17.691545 seconds.
  path: Assets/Resources/(Playniax)Shooting Art Resources/Prototyping/Prefabs/Engine/Pyro/Collision Audio.prefab
  artifactKey: Guid(69c4969baf5004a4195dc496a888c2e1) Importer(815301076,1909f56bfc062723c751e8b465ee728b)
Start importing Assets/Resources/(Playniax)Shooting Art Resources/Prototyping/Prefabs/Engine/Pyro/Collision Audio.prefab using Guid(69c4969baf5004a4195dc496a888c2e1) Importer(815301076,1909f56bfc062723c751e8b465ee728b)  -> (artifact id: '1f606c4e45a6c86cc788b80a9e7eaa9d') in 0.010948 seconds 
========================================================================
Received Import Request.
  Time since last request: 0.000014 seconds.
  path: Assets/Resources/(Playniax)Shooting Art Resources/Prototyping/Prefabs/Engine/Pyro/Messenger.prefab
  artifactKey: Guid(4b38c86f18464d04baff347ac5cf2bd0) Importer(815301076,1909f56bfc062723c751e8b465ee728b)
Start importing Assets/Resources/(Playniax)Shooting Art Resources/Prototyping/Prefabs/Engine/Pyro/Messenger.prefab using Guid(4b38c86f18464d04baff347ac5cf2bd0) Importer(815301076,1909f56bfc062723c751e8b465ee728b)  -> (artifact id: '7dcf033617744764a904aa110dc7c9a5') in 0.007072 seconds 
========================================================================
Received Import Request.
  Time since last request: 0.257800 seconds.
  path: Assets/Resources/(Playniax)Shooting Art Resources/Prototyping/Prefabs/Players/Player (Spaceship).prefab
  artifactKey: Guid(e4ebb30206e91054e93180721a659cee) Importer(815301076,1909f56bfc062723c751e8b465ee728b)
Start importing Assets/Resources/(Playniax)Shooting Art Resources/Prototyping/Prefabs/Players/Player (Spaceship).prefab using Guid(e4ebb30206e91054e93180721a659cee) Importer(815301076,1909f56bfc062723c751e8b465ee728b)  -> (artifact id: '781d54a21f20f25aa0b1d1d27a1bef22') in 0.006936 seconds 
========================================================================
Received Import Request.
  Time since last request: 0.506902 seconds.
  path: Assets/Resources/(Playniax)Shooting Art Resources/Prototyping/Prefabs/Players (Attributes)/Wrecking Ball (Player).prefab
  artifactKey: Guid(78259d2bd6251b5489aa0be0ff2b791e) Importer(815301076,1909f56bfc062723c751e8b465ee728b)
Start importing Assets/Resources/(Playniax)Shooting Art Resources/Prototyping/Prefabs/Players (Attributes)/Wrecking Ball (Player).prefab using Guid(78259d2bd6251b5489aa0be0ff2b791e) Importer(815301076,1909f56bfc062723c751e8b465ee728b)  -> (artifact id: '050785e91a57aec73b569c229b24c2b9') in 0.003624 seconds 
========================================================================
Received Import Request.
  Time since last request: 1.373004 seconds.
  path: Assets/Resources/(Playniax)Shooting Art Resources/Prototyping/Spawners/portal/Textures/portal glow.png
  artifactKey: Guid(c1d831ced0541be438b945f729393226) Importer(815301076,1909f56bfc062723c751e8b465ee728b)
Start importing Assets/Resources/(Playniax)Shooting Art Resources/Prototyping/Spawners/portal/Textures/portal glow.png using Guid(c1d831ced0541be438b945f729393226) Importer(815301076,1909f56bfc062723c751e8b465ee728b)  -> (artifact id: 'b94a0827479bd1a7c11e0358c025435a') in 0.022701 seconds 
========================================================================
Received Import Request.
  Time since last request: 7.202183 seconds.
  path: Assets/Resources/(Playniax)Shooting Art Resources/Space Shooter Art Pack 01/Prefabs/Enemies/Blob.prefab
  artifactKey: Guid(fa8191a3bf019144aaabff9561356638) Importer(815301076,1909f56bfc062723c751e8b465ee728b)
Start importing Assets/Resources/(Playniax)Shooting Art Resources/Space Shooter Art Pack 01/Prefabs/Enemies/Blob.prefab using Guid(fa8191a3bf019144aaabff9561356638) Importer(815301076,1909f56bfc062723c751e8b465ee728b)  -> (artifact id: '16c736fe0e1eef47f3263eca869b9b47') in 0.031918 seconds 
========================================================================
Received Import Request.
  Time since last request: 0.007575 seconds.
  path: Assets/Resources/(Playniax)Shooting Art Resources/Space Shooter Art Pack 01/Prefabs/Enemies/Ring.prefab
  artifactKey: Guid(6a077502f05125b43a726e879cf167c3) Importer(815301076,1909f56bfc062723c751e8b465ee728b)
Start importing Assets/Resources/(Playniax)Shooting Art Resources/Space Shooter Art Pack 01/Prefabs/Enemies/Ring.prefab using Guid(6a077502f05125b43a726e879cf167c3) Importer(815301076,1909f56bfc062723c751e8b465ee728b)  -> (artifact id: '9323d99bc99343f73f75dd6c92fdea37') in 0.013627 seconds 
========================================================================
Received Import Request.
  Time since last request: 0.004524 seconds.
  path: Assets/Resources/(Playniax)Shooting Art Resources/Space Shooter Art Pack 01/Prefabs/Enemies/Slicer.prefab
  artifactKey: Guid(04684959fc51e0848b0693338f4daa7e) Importer(815301076,1909f56bfc062723c751e8b465ee728b)
Start importing Assets/Resources/(Playniax)Shooting Art Resources/Space Shooter Art Pack 01/Prefabs/Enemies/Slicer.prefab using Guid(04684959fc51e0848b0693338f4daa7e) Importer(815301076,1909f56bfc062723c751e8b465ee728b)  -> (artifact id: '154d09f73fc30efebb3e3cc21c6a317d') in 0.011289 seconds 
========================================================================
Received Import Request.
  Time since last request: 0.000015 seconds.
  path: Assets/Resources/(Playniax)Shooting Art Resources/Space Shooter Art Pack 01/Prefabs/Enemies/Sphere.prefab
  artifactKey: Guid(565445c83cdc90d4d959b8bb658faaf9) Importer(815301076,1909f56bfc062723c751e8b465ee728b)
Start importing Assets/Resources/(Playniax)Shooting Art Resources/Space Shooter Art Pack 01/Prefabs/Enemies/Sphere.prefab using Guid(565445c83cdc90d4d959b8bb658faaf9) Importer(815301076,1909f56bfc062723c751e8b465ee728b)  -> (artifact id: 'f3d9414edd6746ac3bf501de30da3003') in 0.018386 seconds 
========================================================================
Received Import Request.
  Time since last request: 0.000015 seconds.
  path: Assets/Resources/(Playniax)Shooting Art Resources/Space Shooter Art Pack 01/Prefabs/Enemies/Starknife.prefab
  artifactKey: Guid(2e709e3200b7b974aa143aec769f7e8b) Importer(815301076,1909f56bfc062723c751e8b465ee728b)
Start importing Assets/Resources/(Playniax)Shooting Art Resources/Space Shooter Art Pack 01/Prefabs/Enemies/Starknife.prefab using Guid(2e709e3200b7b974aa143aec769f7e8b) Importer(815301076,1909f56bfc062723c751e8b465ee728b)  -> (artifact id: '820c85a5b2f4c27fde5e45c6ce90932b') in 0.014590 seconds 
========================================================================
Received Import Request.
  Time since last request: 0.000018 seconds.
  path: Assets/Resources/(Playniax)Shooting Art Resources/Space Shooter Art Pack 01/Prefabs/Enemies/Powered Rock.prefab
  artifactKey: Guid(a150450a130b8074b90611609c1e2b39) Importer(815301076,1909f56bfc062723c751e8b465ee728b)
Start importing Assets/Resources/(Playniax)Shooting Art Resources/Space Shooter Art Pack 01/Prefabs/Enemies/Powered Rock.prefab using Guid(a150450a130b8074b90611609c1e2b39) Importer(815301076,1909f56bfc062723c751e8b465ee728b)  -> (artifact id: 'd9efec54f649f441c16a97e386de44fa') in 0.020151 seconds 
========================================================================
Received Import Request.
  Time since last request: 0.143371 seconds.
  path: Assets/Resources/(Playniax)Shooting Art Resources/Space Shooter Art Pack 01/Prefabs/Enemies (Bosses)/Serpent Boss.prefab
  artifactKey: Guid(626013004a312c744bdab7218e02e42a) Importer(815301076,1909f56bfc062723c751e8b465ee728b)
Start importing Assets/Resources/(Playniax)Shooting Art Resources/Space Shooter Art Pack 01/Prefabs/Enemies (Bosses)/Serpent Boss.prefab using Guid(626013004a312c744bdab7218e02e42a) Importer(815301076,1909f56bfc062723c751e8b465ee728b)  -> (artifact id: 'a7c40b9fbd43b14ea33da051c023ef09') in 0.026617 seconds 
========================================================================
Received Import Request.
  Time since last request: 43.558089 seconds.
  path: Assets/Resources/(Playniax)Shooting Art Resources/Space Shooter Art Pack 01/Prefabs/Players (Pickups)/Pickup (Laser).prefab
  artifactKey: Guid(abd8e472a682c9748b85c0f4b62d6ee2) Importer(815301076,1909f56bfc062723c751e8b465ee728b)
Start importing Assets/Resources/(Playniax)Shooting Art Resources/Space Shooter Art Pack 01/Prefabs/Players (Pickups)/Pickup (Laser).prefab using Guid(abd8e472a682c9748b85c0f4b62d6ee2) Importer(815301076,1909f56bfc062723c751e8b465ee728b)  -> (artifact id: 'a441b95d66734238f04766813d5ed0a7') in 0.022355 seconds 
========================================================================
Received Import Request.
  Time since last request: 0.000019 seconds.
  path: Assets/Resources/(Playniax)Shooting Art Resources/Space Shooter Art Pack 01/Prefabs/Players (Pickups)/Pickup (Speed).prefab
  artifactKey: Guid(d01cb1bfcf3643c4db93333ba6c54ad2) Importer(815301076,1909f56bfc062723c751e8b465ee728b)
Start importing Assets/Resources/(Playniax)Shooting Art Resources/Space Shooter Art Pack 01/Prefabs/Players (Pickups)/Pickup (Speed).prefab using Guid(d01cb1bfcf3643c4db93333ba6c54ad2) Importer(815301076,1909f56bfc062723c751e8b465ee728b)  -> (artifact id: '5e9c146084e91f38f1c199c158a42c6a') in 0.016658 seconds 
========================================================================
Received Import Request.
  Time since last request: 0.000022 seconds.
  path: Assets/Resources/(Playniax)Shooting Art Resources/Space Shooter Art Pack 01/Prefabs/Players (Pickups)/Pickup (Phaser).prefab
  artifactKey: Guid(ebd02f09c8a80f94eba4ef046941b254) Importer(815301076,1909f56bfc062723c751e8b465ee728b)
Start importing Assets/Resources/(Playniax)Shooting Art Resources/Space Shooter Art Pack 01/Prefabs/Players (Pickups)/Pickup (Phaser).prefab using Guid(ebd02f09c8a80f94eba4ef046941b254) Importer(815301076,1909f56bfc062723c751e8b465ee728b)  -> (artifact id: 'd6432c0a1a7a1c128d100fe8f4efeb94') in 0.015872 seconds 
========================================================================
Received Prepare
Registering precompiled user dll's ...
Registered in 0.009187 seconds.
Begin MonoManager ReloadAssembly
Symbol file LoadedFromMemory doesn't match image G:\Git_Horizontally Scrolling Shooter Repository\Horizontally-Scrolling-Shooter\Library\PackageCache\com.unity.visualscripting@1.7.8\Editor\VisualScripting.Core\Dependencies\YamlDotNet\Unity.VisualScripting.YamlDotNet.dll
Symbol file LoadedFromMemory doesn't match image G:\Git_Horizontally Scrolling Shooter Repository\Horizontally-Scrolling-Shooter\Library\PackageCache\com.unity.visualscripting@1.7.8\Editor\VisualScripting.Core\Dependencies\DotNetZip\Unity.VisualScripting.IonicZip.dll
Native extension for WindowsStandalone target not found
Native extension for iOS target not found
Native extension for Android target not found
Native extension for WebGL target not found
Refreshing native plugins compatible for Editor in 0.99 ms, found 4 plugins.
Preloading 0 native plugins for Editor in 0.00 ms.
Mono: successfully reloaded assembly
- Completed reload, in  0.919 seconds
Domain Reload Profiling:
	ReloadAssembly (920ms)
		BeginReloadAssembly (182ms)
			ExecutionOrderSort (0ms)
			DisableScriptedObjects (5ms)
			BackupInstance (0ms)
			ReleaseScriptingObjects (0ms)
			CreateAndSetChildDomain (41ms)
		EndReloadAssembly (672ms)
			LoadAssemblies (155ms)
			RebuildTransferFunctionScriptingTraits (0ms)
			SetupTypeCache (178ms)
			ReleaseScriptCaches (2ms)
			RebuildScriptCaches (42ms)
			SetupLoadedEditorAssemblies (341ms)
				LogAssemblyErrors (0ms)
				InitializePlatformSupportModulesInManaged (21ms)
				SetLoadedEditorAssemblies (0ms)
				RefreshPlugins (1ms)
				BeforeProcessingInitializeOnLoad (76ms)
				ProcessInitializeOnLoadAttributes (177ms)
				ProcessInitializeOnLoadMethodAttributes (63ms)
				AfterProcessingInitializeOnLoad (2ms)
				EditorAssembliesLoaded (0ms)
			ExecutionOrderSort2 (0ms)
			AwakeInstancesAfterBackupRestoration (5ms)
Platform modules already initialized, skipping
Refreshing native plugins compatible for Editor in 2.21 ms, found 4 plugins.
Preloading 0 native plugins for Editor in 0.00 ms.
Unloading 5625 Unused Serialized files (Serialized files now loaded: 0)
Unloading 45 unused Assets / (1.2 MB). Loaded Objects now: 6208.
Memory consumption went from 227.2 MB to 226.0 MB.
Total: 3.068400 ms (FindLiveObjects: 0.294900 ms CreateObjectMapping: 0.125600 ms MarkObjects: 2.269900 ms  DeleteObjects: 0.377200 ms)

AssetImportParameters requested are different than current active one (requested -> active):
  custom:video-decoder-ogg-theora: a1e56fd34408186e4bbccfd4996cb3dc -> 
  custom:container-muxer-webm: aa71ff27fc2769a1b78a27578f13a17b -> 
  custom:container-demuxer-webm: 4f35f7cbe854078d1ac9338744f61a02 -> 
  custom:video-encoder-webm-vp8: eb34c28f22e8b96e1ab97ce403110664 -> 
  custom:audio-encoder-webm-vorbis: bf7c407c2cedff20999df2af8eb42d56 -> 
  custom:framework-win-MediaFoundation: 216162199b28c13a410421893ffa2e32 -> 
  custom:container-demuxer-ogg: 62fdf1f143b41e24485cea50d1cbac27 -> 
  custom:video-decoder-webm-vp8: 9c59270c3fd7afecdb556c50c9e8de78 -> 
  custom:audio-decoder-ogg-vorbis: bf7c407c2cedff20999df2af8eb42d56 -> 
========================================================================
Received Prepare
Registering precompiled user dll's ...
Registered in 0.012804 seconds.
Begin MonoManager ReloadAssembly
Symbol file LoadedFromMemory doesn't match image G:\Git_Horizontally Scrolling Shooter Repository\Horizontally-Scrolling-Shooter\Library\PackageCache\com.unity.visualscripting@1.7.8\Editor\VisualScripting.Core\Dependencies\YamlDotNet\Unity.VisualScripting.YamlDotNet.dll
Symbol file LoadedFromMemory doesn't match image G:\Git_Horizontally Scrolling Shooter Repository\Horizontally-Scrolling-Shooter\Library\PackageCache\com.unity.visualscripting@1.7.8\Editor\VisualScripting.Core\Dependencies\DotNetZip\Unity.VisualScripting.IonicZip.dll
Native extension for WindowsStandalone target not found
Native extension for iOS target not found
Native extension for Android target not found
Native extension for WebGL target not found
Refreshing native plugins compatible for Editor in 0.92 ms, found 4 plugins.
Preloading 0 native plugins for Editor in 0.00 ms.
Mono: successfully reloaded assembly
- Completed reload, in  0.974 seconds
Domain Reload Profiling:
	ReloadAssembly (974ms)
		BeginReloadAssembly (178ms)
			ExecutionOrderSort (0ms)
			DisableScriptedObjects (5ms)
			BackupInstance (0ms)
			ReleaseScriptingObjects (0ms)
			CreateAndSetChildDomain (42ms)
		EndReloadAssembly (732ms)
			LoadAssemblies (160ms)
			RebuildTransferFunctionScriptingTraits (0ms)
			SetupTypeCache (197ms)
			ReleaseScriptCaches (2ms)
			RebuildScriptCaches (42ms)
			SetupLoadedEditorAssemblies (366ms)
				LogAssemblyErrors (0ms)
				InitializePlatformSupportModulesInManaged (22ms)
				SetLoadedEditorAssemblies (0ms)
				RefreshPlugins (1ms)
				BeforeProcessingInitializeOnLoad (75ms)
				ProcessInitializeOnLoadAttributes (190ms)
				ProcessInitializeOnLoadMethodAttributes (75ms)
				AfterProcessingInitializeOnLoad (2ms)
				EditorAssembliesLoaded (0ms)
			ExecutionOrderSort2 (0ms)
			AwakeInstancesAfterBackupRestoration (6ms)
Platform modules already initialized, skipping
Refreshing native plugins compatible for Editor in 2.52 ms, found 4 plugins.
Preloading 0 native plugins for Editor in 0.00 ms.
Unloading 5625 Unused Serialized files (Serialized files now loaded: 0)
Unloading 45 unused Assets / (1.2 MB). Loaded Objects now: 6211.
Memory consumption went from 227.2 MB to 226.0 MB.
Total: 3.162700 ms (FindLiveObjects: 0.329400 ms CreateObjectMapping: 0.129100 ms MarkObjects: 2.313400 ms  DeleteObjects: 0.390400 ms)

AssetImportParameters requested are different than current active one (requested -> active):
  custom:video-decoder-ogg-theora: a1e56fd34408186e4bbccfd4996cb3dc -> 
  custom:container-muxer-webm: aa71ff27fc2769a1b78a27578f13a17b -> 
  custom:container-demuxer-webm: 4f35f7cbe854078d1ac9338744f61a02 -> 
  custom:video-encoder-webm-vp8: eb34c28f22e8b96e1ab97ce403110664 -> 
  custom:audio-encoder-webm-vorbis: bf7c407c2cedff20999df2af8eb42d56 -> 
  custom:framework-win-MediaFoundation: 216162199b28c13a410421893ffa2e32 -> 
  custom:container-demuxer-ogg: 62fdf1f143b41e24485cea50d1cbac27 -> 
  custom:video-decoder-webm-vp8: 9c59270c3fd7afecdb556c50c9e8de78 -> 
  custom:audio-decoder-ogg-vorbis: bf7c407c2cedff20999df2af8eb42d56 -> 
========================================================================
Received Prepare
Registering precompiled user dll's ...
Registered in 0.009332 seconds.
Begin MonoManager ReloadAssembly
Symbol file LoadedFromMemory doesn't match image G:\Git_Horizontally Scrolling Shooter Repository\Horizontally-Scrolling-Shooter\Library\PackageCache\com.unity.visualscripting@1.7.8\Editor\VisualScripting.Core\Dependencies\YamlDotNet\Unity.VisualScripting.YamlDotNet.dll
Symbol file LoadedFromMemory doesn't match image G:\Git_Horizontally Scrolling Shooter Repository\Horizontally-Scrolling-Shooter\Library\PackageCache\com.unity.visualscripting@1.7.8\Editor\VisualScripting.Core\Dependencies\DotNetZip\Unity.VisualScripting.IonicZip.dll
Native extension for WindowsStandalone target not found
Native extension for iOS target not found
Native extension for Android target not found
Native extension for WebGL target not found
Refreshing native plugins compatible for Editor in 0.94 ms, found 4 plugins.
Preloading 0 native plugins for Editor in 0.00 ms.
Mono: successfully reloaded assembly
- Completed reload, in  0.946 seconds
Domain Reload Profiling:
	ReloadAssembly (946ms)
		BeginReloadAssembly (171ms)
			ExecutionOrderSort (0ms)
			DisableScriptedObjects (6ms)
			BackupInstance (0ms)
			ReleaseScriptingObjects (0ms)
			CreateAndSetChildDomain (40ms)
		EndReloadAssembly (710ms)
			LoadAssemblies (152ms)
			RebuildTransferFunctionScriptingTraits (0ms)
			SetupTypeCache (194ms)
			ReleaseScriptCaches (2ms)
			RebuildScriptCaches (43ms)
			SetupLoadedEditorAssemblies (350ms)
				LogAssemblyErrors (0ms)
				InitializePlatformSupportModulesInManaged (23ms)
				SetLoadedEditorAssemblies (0ms)
				RefreshPlugins (1ms)
				BeforeProcessingInitializeOnLoad (75ms)
				ProcessInitializeOnLoadAttributes (183ms)
				ProcessInitializeOnLoadMethodAttributes (65ms)
				AfterProcessingInitializeOnLoad (3ms)
				EditorAssembliesLoaded (0ms)
			ExecutionOrderSort2 (0ms)
			AwakeInstancesAfterBackupRestoration (6ms)
Platform modules already initialized, skipping
Refreshing native plugins compatible for Editor in 2.48 ms, found 4 plugins.
Preloading 0 native plugins for Editor in 0.00 ms.
Unloading 5625 Unused Serialized files (Serialized files now loaded: 0)
Unloading 45 unused Assets / (1.2 MB). Loaded Objects now: 6214.
Memory consumption went from 227.2 MB to 226.0 MB.
Total: 4.096500 ms (FindLiveObjects: 0.335500 ms CreateObjectMapping: 0.257200 ms MarkObjects: 3.030400 ms  DeleteObjects: 0.472500 ms)

AssetImportParameters requested are different than current active one (requested -> active):
  custom:video-decoder-ogg-theora: a1e56fd34408186e4bbccfd4996cb3dc -> 
  custom:container-muxer-webm: aa71ff27fc2769a1b78a27578f13a17b -> 
  custom:container-demuxer-webm: 4f35f7cbe854078d1ac9338744f61a02 -> 
  custom:video-encoder-webm-vp8: eb34c28f22e8b96e1ab97ce403110664 -> 
  custom:audio-encoder-webm-vorbis: bf7c407c2cedff20999df2af8eb42d56 -> 
  custom:framework-win-MediaFoundation: 216162199b28c13a410421893ffa2e32 -> 
  custom:container-demuxer-ogg: 62fdf1f143b41e24485cea50d1cbac27 -> 
  custom:video-decoder-webm-vp8: 9c59270c3fd7afecdb556c50c9e8de78 -> 
  custom:audio-decoder-ogg-vorbis: bf7c407c2cedff20999df2af8eb42d56 -> 
Editor requested this worker to shutdown with reason: Scaling down because of idle timeout
AssetImportWorker is now disconnected from the server
Process exiting
Exiting without the bug reporter. Application will terminate with return code 0