Using pre-set license
Built from '2021.3/staging' branch; Version is '2021.3.8f1 (b30333d56e81) revision 11731763'; Using compiler version '192829333'; Build Type 'Release'
OS: 'Windows 10  (10.0.19044) 64bit Professional' Language: 'ko' Physical Memory: 65450 MB
BatchMode: 1, IsHumanControllingUs: 0, StartBugReporterOnCrash: 0, Is64bit: 1, IsPro: 1

COMMAND LINE ARGUMENTS:
G:\Unity Editor\2021.3.8f1\Editor\Unity.exe
-adb2
-batchMode
-noUpm
-name
AssetImportWorker11
-projectPath
G:/Git_Horizontally Scrolling Shooter Repository/Horizontally-Scrolling-Shooter
-logFile
Logs/AssetImportWorker11.log
-srvPort
2868
Successfully changed project path to: G:/Git_Horizontally Scrolling Shooter Repository/Horizontally-Scrolling-Shooter
G:/Git_Horizontally Scrolling Shooter Repository/Horizontally-Scrolling-Shooter
[UnityMemory] Configuration Parameters - Can be set up in boot.config
    "memorysetup-bucket-allocator-granularity=16"
    "memorysetup-bucket-allocator-bucket-count=8"
    "memorysetup-bucket-allocator-block-size=33554432"
    "memorysetup-bucket-allocator-block-count=8"
    "memorysetup-main-allocator-block-size=16777216"
    "memorysetup-thread-allocator-block-size=16777216"
    "memorysetup-gfx-main-allocator-block-size=16777216"
    "memorysetup-gfx-thread-allocator-block-size=16777216"
    "memorysetup-cache-allocator-block-size=4194304"
    "memorysetup-typetree-allocator-block-size=2097152"
    "memorysetup-profiler-bucket-allocator-granularity=16"
    "memorysetup-profiler-bucket-allocator-bucket-count=8"
    "memorysetup-profiler-bucket-allocator-block-size=33554432"
    "memorysetup-profiler-bucket-allocator-block-count=8"
    "memorysetup-profiler-allocator-block-size=16777216"
    "memorysetup-profiler-editor-allocator-block-size=1048576"
    "memorysetup-temp-allocator-size-main=16777216"
    "memorysetup-job-temp-allocator-block-size=2097152"
    "memorysetup-job-temp-allocator-block-size-background=1048576"
    "memorysetup-job-temp-allocator-reduction-small-platforms=262144"
    "memorysetup-temp-allocator-size-background-worker=32768"
    "memorysetup-temp-allocator-size-job-worker=262144"
    "memorysetup-temp-allocator-size-preload-manager=33554432"
    "memorysetup-temp-allocator-size-nav-mesh-worker=65536"
    "memorysetup-temp-allocator-size-audio-worker=65536"
    "memorysetup-temp-allocator-size-cloud-worker=32768"
    "memorysetup-temp-allocator-size-gi-baking-worker=262144"
    "memorysetup-temp-allocator-size-gfx=262144"
Refreshing native plugins compatible for Editor in 122.21 ms, found 4 plugins.
Preloading 0 native plugins for Editor in 0.00 ms.
Initialize engine version: 2021.3.8f1 (b30333d56e81)
[Subsystems] Discovering subsystems at path G:/Unity Editor/2021.3.8f1/Editor/Data/Resources/UnitySubsystems
[Subsystems] Discovering subsystems at path G:/Git_Horizontally Scrolling Shooter Repository/Horizontally-Scrolling-Shooter/Assets
GfxDevice: creating device client; threaded=0; jobified=0
Direct3D:
    Version:  Direct3D 11.0 [level 11.1]
    Renderer: AMD Radeon RX 6600 XT (ID=0x73ff)
    Vendor:   ATI
    VRAM:     8147 MB
    Driver:   30.0.15021.11005
Initialize mono
Mono path[0] = 'G:/Unity Editor/2021.3.8f1/Editor/Data/Managed'
Mono path[1] = 'G:/Unity Editor/2021.3.8f1/Editor/Data/MonoBleedingEdge/lib/mono/unityjit-win32'
Mono config path = 'G:/Unity Editor/2021.3.8f1/Editor/Data/MonoBleedingEdge/etc'
Using monoOptions --debugger-agent=transport=dt_socket,embedding=1,server=y,suspend=n,address=127.0.0.1:56668
Begin MonoManager ReloadAssembly
Registering precompiled unity dll's ...
Register platform support module: G:/Unity Editor/2021.3.8f1/Editor/Data/PlaybackEngines/WebGLSupport/UnityEditor.WebGL.Extensions.dll
Register platform support module: G:/Unity Editor/2021.3.8f1/Editor/Data/PlaybackEngines/AndroidPlayer/UnityEditor.Android.Extensions.dll
Register platform support module: G:/Unity Editor/2021.3.8f1/Editor/Data/PlaybackEngines/iOSSupport/UnityEditor.iOS.Extensions.dll
Register platform support module: G:/Unity Editor/2021.3.8f1/Editor/Data/PlaybackEngines/WindowsStandaloneSupport/UnityEditor.WindowsStandalone.Extensions.dll
Registered in 0.003153 seconds.
Native extension for WindowsStandalone target not found
[usbmuxd] Start listen thread
[usbmuxd] Listen thread started
Native extension for iOS target not found
Native extension for Android target not found
Native extension for WebGL target not found
Refreshing native plugins compatible for Editor in 101.30 ms, found 4 plugins.
Preloading 0 native plugins for Editor in 0.00 ms.
Mono: successfully reloaded assembly
- Completed reload, in  0.516 seconds
Domain Reload Profiling:
	ReloadAssembly (516ms)
		BeginReloadAssembly (68ms)
			ExecutionOrderSort (0ms)
			DisableScriptedObjects (0ms)
			BackupInstance (0ms)
			ReleaseScriptingObjects (0ms)
			CreateAndSetChildDomain (1ms)
		EndReloadAssembly (380ms)
			LoadAssemblies (68ms)
			RebuildTransferFunctionScriptingTraits (0ms)
			SetupTypeCache (72ms)
			ReleaseScriptCaches (0ms)
			RebuildScriptCaches (21ms)
			SetupLoadedEditorAssemblies (250ms)
				LogAssemblyErrors (0ms)
				InitializePlatformSupportModulesInManaged (43ms)
				SetLoadedEditorAssemblies (0ms)
				RefreshPlugins (101ms)
				BeforeProcessingInitializeOnLoad (1ms)
				ProcessInitializeOnLoadAttributes (72ms)
				ProcessInitializeOnLoadMethodAttributes (32ms)
				AfterProcessingInitializeOnLoad (0ms)
				EditorAssembliesLoaded (0ms)
			ExecutionOrderSort2 (0ms)
			AwakeInstancesAfterBackupRestoration (0ms)
Platform modules already initialized, skipping
Registering precompiled user dll's ...
Registered in 0.009796 seconds.
Begin MonoManager ReloadAssembly
Symbol file LoadedFromMemory doesn't match image G:\Git_Horizontally Scrolling Shooter Repository\Horizontally-Scrolling-Shooter\Library\PackageCache\com.unity.visualscripting@1.7.8\Editor\VisualScripting.Core\Dependencies\DotNetZip\Unity.VisualScripting.IonicZip.dll
Symbol file LoadedFromMemory doesn't match image G:\Git_Horizontally Scrolling Shooter Repository\Horizontally-Scrolling-Shooter\Library\PackageCache\com.unity.visualscripting@1.7.8\Editor\VisualScripting.Core\Dependencies\YamlDotNet\Unity.VisualScripting.YamlDotNet.dll
Native extension for WindowsStandalone target not found
Native extension for iOS target not found
Native extension for Android target not found
Native extension for WebGL target not found
Refreshing native plugins compatible for Editor in 101.50 ms, found 4 plugins.
Preloading 0 native plugins for Editor in 0.00 ms.
Package Manager log level set to [2]
Mono: successfully reloaded assembly
- Completed reload, in  1.217 seconds
Domain Reload Profiling:
	ReloadAssembly (1217ms)
		BeginReloadAssembly (194ms)
			ExecutionOrderSort (0ms)
			DisableScriptedObjects (4ms)
			BackupInstance (0ms)
			ReleaseScriptingObjects (0ms)
			CreateAndSetChildDomain (120ms)
		EndReloadAssembly (943ms)
			LoadAssemblies (91ms)
			RebuildTransferFunctionScriptingTraits (0ms)
			SetupTypeCache (196ms)
			ReleaseScriptCaches (1ms)
			RebuildScriptCaches (54ms)
			SetupLoadedEditorAssemblies (583ms)
				LogAssemblyErrors (0ms)
				InitializePlatformSupportModulesInManaged (14ms)
				SetLoadedEditorAssemblies (0ms)
				RefreshPlugins (102ms)
				BeforeProcessingInitializeOnLoad (110ms)
				ProcessInitializeOnLoadAttributes (246ms)
				ProcessInitializeOnLoadMethodAttributes (109ms)
				AfterProcessingInitializeOnLoad (2ms)
				EditorAssembliesLoaded (0ms)
			ExecutionOrderSort2 (0ms)
			AwakeInstancesAfterBackupRestoration (4ms)
Platform modules already initialized, skipping
========================================================================
Worker process is ready to serve import requests
Launched and connected shader compiler UnityShaderCompiler.exe after 0.05 seconds
Refreshing native plugins compatible for Editor in 1.34 ms, found 4 plugins.
Preloading 0 native plugins for Editor in 0.00 ms.
Unloading 6283 Unused Serialized files (Serialized files now loaded: 0)
Unloading 78 unused Assets / (0.7 MB). Loaded Objects now: 6718.
Memory consumption went from 250.0 MB to 249.3 MB.
Total: 6.522900 ms (FindLiveObjects: 0.412500 ms CreateObjectMapping: 0.301300 ms MarkObjects: 5.549000 ms  DeleteObjects: 0.259300 ms)

AssetImportParameters requested are different than current active one (requested -> active):
  custom:video-decoder-ogg-theora: a1e56fd34408186e4bbccfd4996cb3dc -> 
  custom:container-muxer-webm: aa71ff27fc2769a1b78a27578f13a17b -> 
  custom:container-demuxer-webm: 4f35f7cbe854078d1ac9338744f61a02 -> 
  custom:video-encoder-webm-vp8: eb34c28f22e8b96e1ab97ce403110664 -> 
  custom:audio-encoder-webm-vorbis: bf7c407c2cedff20999df2af8eb42d56 -> 
  custom:framework-win-MediaFoundation: 216162199b28c13a410421893ffa2e32 -> 
  custom:container-demuxer-ogg: 62fdf1f143b41e24485cea50d1cbac27 -> 
  custom:video-decoder-webm-vp8: 9c59270c3fd7afecdb556c50c9e8de78 -> 
  custom:audio-decoder-ogg-vorbis: bf7c407c2cedff20999df2af8eb42d56 -> 
========================================================================
Received Import Request.
  Time since last request: 97229.705549 seconds.
  path: Assets/Resources/(Playniax)Shooting Art Resources/Space Shooter Art Pack 01/Textures/Background/Rocky/back_rocks01.png
  artifactKey: Guid(fb3f0be225e6b41ec9cf9c5fe5b0481d) Importer(815301076,1909f56bfc062723c751e8b465ee728b)
Start importing Assets/Resources/(Playniax)Shooting Art Resources/Space Shooter Art Pack 01/Textures/Background/Rocky/back_rocks01.png using Guid(fb3f0be225e6b41ec9cf9c5fe5b0481d) Importer(815301076,1909f56bfc062723c751e8b465ee728b)  -> (artifact id: '7f7de2e7a209bee4e6ad51337eadc2c7') in 0.158485 seconds 
========================================================================
Received Import Request.
  Time since last request: 0.528604 seconds.
  path: Assets/Resources/(Playniax)Shooting Art Resources/Space Shooter Art Pack 01/Textures/Background/Crystal/back_asteroids.png
  artifactKey: Guid(056786b22e8d04470bc020fcb97787cf) Importer(815301076,1909f56bfc062723c751e8b465ee728b)
Start importing Assets/Resources/(Playniax)Shooting Art Resources/Space Shooter Art Pack 01/Textures/Background/Crystal/back_asteroids.png using Guid(056786b22e8d04470bc020fcb97787cf) Importer(815301076,1909f56bfc062723c751e8b465ee728b)  -> (artifact id: '2b5e13be79eac19ec2b13cf5e1872a39') in 0.032975 seconds 
========================================================================
Received Import Request.
  Time since last request: 11.825195 seconds.
  path: Assets/My Resources/Background
  artifactKey: Guid(6bea11b0a7897de4489399c8d201afbc) Importer(815301076,1909f56bfc062723c751e8b465ee728b)
Start importing Assets/My Resources/Background using Guid(6bea11b0a7897de4489399c8d201afbc) Importer(815301076,1909f56bfc062723c751e8b465ee728b)  -> (artifact id: 'ce67220127132285de552fd9ca557b69') in 0.001083 seconds 
========================================================================
Received Import Request.
  Time since last request: 3.025002 seconds.
  path: Assets/My Resources/Background/Techno
  artifactKey: Guid(bdc8d956038f2a74294e877834e922b2) Importer(815301076,1909f56bfc062723c751e8b465ee728b)
Start importing Assets/My Resources/Background/Techno using Guid(bdc8d956038f2a74294e877834e922b2) Importer(815301076,1909f56bfc062723c751e8b465ee728b)  -> (artifact id: 'c8b7b7b1ae3aecf5bd9cb11912927896') in 0.001037 seconds 
========================================================================
Received Import Request.
  Time since last request: 0.042829 seconds.
  path: Assets/My Resources/Background/Techno/fore_bottom_end_left.png
  artifactKey: Guid(11aac51f4b7e7524f923344a64a93364) Importer(815301076,1909f56bfc062723c751e8b465ee728b)
Start importing Assets/My Resources/Background/Techno/fore_bottom_end_left.png using Guid(11aac51f4b7e7524f923344a64a93364) Importer(815301076,1909f56bfc062723c751e8b465ee728b)  -> (artifact id: '0a14faaaad379658981886132cec1b6f') in 0.012555 seconds 
========================================================================
Received Import Request.
  Time since last request: 0.000019 seconds.
  path: Assets/My Resources/Background/Techno/fore_top_end_right.png
  artifactKey: Guid(30246f7387cffc5498946a68cfd4bfd9) Importer(815301076,1909f56bfc062723c751e8b465ee728b)
Start importing Assets/My Resources/Background/Techno/fore_top_end_right.png using Guid(30246f7387cffc5498946a68cfd4bfd9) Importer(815301076,1909f56bfc062723c751e8b465ee728b)  -> (artifact id: 'c0e79b7d7a66c6e7f6a874866d23857b') in 0.011757 seconds 
========================================================================
Received Import Request.
  Time since last request: 0.000017 seconds.
  path: Assets/My Resources/Background/Techno/metal wall.png
  artifactKey: Guid(ab9aae462917d5649b1a6d8c080f95cf) Importer(815301076,1909f56bfc062723c751e8b465ee728b)
Start importing Assets/My Resources/Background/Techno/metal wall.png using Guid(ab9aae462917d5649b1a6d8c080f95cf) Importer(815301076,1909f56bfc062723c751e8b465ee728b)  -> (artifact id: '0c8841479bd5a24fee015c1079fd3693') in 0.020576 seconds 
========================================================================
Received Import Request.
  Time since last request: 286.188647 seconds.
  path: Assets/My Resources/Background/Rocky/back_rocks03.png
  artifactKey: Guid(c6dec87261d1f9047b0797fa42cc92a4) Importer(815301076,1909f56bfc062723c751e8b465ee728b)
Start importing Assets/My Resources/Background/Rocky/back_rocks03.png using Guid(c6dec87261d1f9047b0797fa42cc92a4) Importer(815301076,1909f56bfc062723c751e8b465ee728b)  -> (artifact id: '520a4aa890859a29a24bc93f9e0b4e6e') in 0.026965 seconds 
========================================================================
Received Import Request.
  Time since last request: 0.001290 seconds.
  path: Assets/My Resources/Background/Rocky/fore_bot_single.png
  artifactKey: Guid(ef95b58030e33d047bb6c8a68c5302c0) Importer(815301076,1909f56bfc062723c751e8b465ee728b)
Start importing Assets/My Resources/Background/Rocky/fore_bot_single.png using Guid(ef95b58030e33d047bb6c8a68c5302c0) Importer(815301076,1909f56bfc062723c751e8b465ee728b)  -> (artifact id: 'c079d17989ee0c36b24484aca9497969') in 0.014148 seconds 
========================================================================
Received Import Request.
  Time since last request: 0.015097 seconds.
  path: Assets/My Resources/Background/Rocky/fore_top_single.png
  artifactKey: Guid(433de847bc7c08940b6acec2d17b9454) Importer(815301076,1909f56bfc062723c751e8b465ee728b)
Start importing Assets/My Resources/Background/Rocky/fore_top_single.png using Guid(433de847bc7c08940b6acec2d17b9454) Importer(815301076,1909f56bfc062723c751e8b465ee728b)  -> (artifact id: 'aedf2af10cd3c2dd0dc713cd6937959c') in 0.011333 seconds 
========================================================================
Received Import Request.
  Time since last request: 0.000023 seconds.
  path: Assets/My Resources/Background/Rocky/fore_top_end_left.png
  artifactKey: Guid(0b258242687e35640997fe1b9310ae3b) Importer(815301076,1909f56bfc062723c751e8b465ee728b)
Start importing Assets/My Resources/Background/Rocky/fore_top_end_left.png using Guid(0b258242687e35640997fe1b9310ae3b) Importer(815301076,1909f56bfc062723c751e8b465ee728b)  -> (artifact id: '6a7fb22ab4f73d4a1bf304c0aa977f06') in 0.012583 seconds 
========================================================================
Received Import Request.
  Time since last request: 0.000022 seconds.
  path: Assets/My Resources/Background/Rocky/fore_top_main01.png
  artifactKey: Guid(1109e64a58b7c43488d885b1bd3d03fb) Importer(815301076,1909f56bfc062723c751e8b465ee728b)
Start importing Assets/My Resources/Background/Rocky/fore_top_main01.png using Guid(1109e64a58b7c43488d885b1bd3d03fb) Importer(815301076,1909f56bfc062723c751e8b465ee728b)  -> (artifact id: 'b7a673dac884fbc978983df66ac2bf65') in 0.011888 seconds 
========================================================================
Received Import Request.
  Time since last request: 0.000019 seconds.
  path: Assets/My Resources/Background/Rocky/fore_top_main02.png
  artifactKey: Guid(027350935c662c247bb573c87c2470b7) Importer(815301076,1909f56bfc062723c751e8b465ee728b)
Start importing Assets/My Resources/Background/Rocky/fore_top_main02.png using Guid(027350935c662c247bb573c87c2470b7) Importer(815301076,1909f56bfc062723c751e8b465ee728b)  -> (artifact id: 'a407ef797ae47aa843d5cc6e88d609f9') in 0.011532 seconds 
========================================================================
Received Import Request.
  Time since last request: 0.000023 seconds.
  path: Assets/My Resources/Background/Rocky/fore_bot_main02.png
  artifactKey: Guid(95232bd7f5f08d14786894df3817882c) Importer(815301076,1909f56bfc062723c751e8b465ee728b)
Start importing Assets/My Resources/Background/Rocky/fore_bot_main02.png using Guid(95232bd7f5f08d14786894df3817882c) Importer(815301076,1909f56bfc062723c751e8b465ee728b)  -> (artifact id: 'f3184a12eae5b132e1bfd3574e1e921d') in 0.011029 seconds 
========================================================================
Received Import Request.
  Time since last request: 0.414457 seconds.
  path: Assets/My Resources/Background/Rocky/back_rocks01.png
  artifactKey: Guid(cd2f6fe029a9aa74fbf998af169e316a) Importer(815301076,1909f56bfc062723c751e8b465ee728b)
Start importing Assets/My Resources/Background/Rocky/back_rocks01.png using Guid(cd2f6fe029a9aa74fbf998af169e316a) Importer(815301076,1909f56bfc062723c751e8b465ee728b)  -> (artifact id: '059bb66d9cd1f211fb3faee6e8ce2ca0') in 0.021739 seconds 
========================================================================
Received Import Request.
  Time since last request: 2.641026 seconds.
  path: Assets/My Resources/Background/Crystal/back_asteroids.png
  artifactKey: Guid(b315c0bac8a83204a8711436d0a874b7) Importer(815301076,1909f56bfc062723c751e8b465ee728b)
Start importing Assets/My Resources/Background/Crystal/back_asteroids.png using Guid(b315c0bac8a83204a8711436d0a874b7) Importer(815301076,1909f56bfc062723c751e8b465ee728b)  -> (artifact id: '6291d8faa65e4a5f6aae365346fb6002') in 0.019308 seconds 
========================================================================
Received Import Request.
  Time since last request: 0.000020 seconds.
  path: Assets/My Resources/Background/Crystal/fore_top_single.png
  artifactKey: Guid(75522524a2c91f1468af3cc425c30eb9) Importer(815301076,1909f56bfc062723c751e8b465ee728b)
Start importing Assets/My Resources/Background/Crystal/fore_top_single.png using Guid(75522524a2c91f1468af3cc425c30eb9) Importer(815301076,1909f56bfc062723c751e8b465ee728b)  -> (artifact id: '01bca9ad9e03f44a5e568264d1d47723') in 0.011862 seconds 
========================================================================
Received Import Request.
  Time since last request: 0.000026 seconds.
  path: Assets/My Resources/Background/Crystal/planet.png
  artifactKey: Guid(e2495eda7b972f642a44591c2f74ea7a) Importer(815301076,1909f56bfc062723c751e8b465ee728b)
Start importing Assets/My Resources/Background/Crystal/planet.png using Guid(e2495eda7b972f642a44591c2f74ea7a) Importer(815301076,1909f56bfc062723c751e8b465ee728b)  -> (artifact id: '9a2305dfbe45f1ddfca81bb20cdeb8e0') in 0.022614 seconds 
========================================================================
Received Import Request.
  Time since last request: 0.000016 seconds.
  path: Assets/My Resources/Background/Crystal/fore_top_end_left.png
  artifactKey: Guid(db98c0b4823e1034d8e943e6680b0886) Importer(815301076,1909f56bfc062723c751e8b465ee728b)
Start importing Assets/My Resources/Background/Crystal/fore_top_end_left.png using Guid(db98c0b4823e1034d8e943e6680b0886) Importer(815301076,1909f56bfc062723c751e8b465ee728b)  -> (artifact id: '740e6ca1b241ab81aa1151eca4a905b8') in 0.010834 seconds 
Editor requested this worker to shutdown with reason: Scaling down because of idle timeout
AssetImportWorker is now disconnected from the server
Process exiting
Exiting without the bug reporter. Application will terminate with return code 0