Using pre-set license
Built from '2021.3/staging' branch; Version is '2021.3.8f1 (b30333d56e81) revision 11731763'; Using compiler version '192829333'; Build Type 'Release'
OS: 'Windows 10  (10.0.19044) 64bit Professional' Language: 'ko' Physical Memory: 65450 MB
BatchMode: 1, IsHumanControllingUs: 0, StartBugReporterOnCrash: 0, Is64bit: 1, IsPro: 1

COMMAND LINE ARGUMENTS:
G:\Unity Editor\2021.3.8f1\Editor\Unity.exe
-adb2
-batchMode
-noUpm
-name
AssetImportWorker0
-projectPath
G:/Git_Horizontally Scrolling Shooter Repository/Horizontally-Scrolling-Shooter
-logFile
Logs/AssetImportWorker0.log
-srvPort
2868
Successfully changed project path to: G:/Git_Horizontally Scrolling Shooter Repository/Horizontally-Scrolling-Shooter
G:/Git_Horizontally Scrolling Shooter Repository/Horizontally-Scrolling-Shooter
[UnityMemory] Configuration Parameters - Can be set up in boot.config
    "memorysetup-bucket-allocator-granularity=16"
    "memorysetup-bucket-allocator-bucket-count=8"
    "memorysetup-bucket-allocator-block-size=33554432"
    "memorysetup-bucket-allocator-block-count=8"
    "memorysetup-main-allocator-block-size=16777216"
    "memorysetup-thread-allocator-block-size=16777216"
    "memorysetup-gfx-main-allocator-block-size=16777216"
    "memorysetup-gfx-thread-allocator-block-size=16777216"
    "memorysetup-cache-allocator-block-size=4194304"
    "memorysetup-typetree-allocator-block-size=2097152"
    "memorysetup-profiler-bucket-allocator-granularity=16"
    "memorysetup-profiler-bucket-allocator-bucket-count=8"
    "memorysetup-profiler-bucket-allocator-block-size=33554432"
    "memorysetup-profiler-bucket-allocator-block-count=8"
    "memorysetup-profiler-allocator-block-size=16777216"
    "memorysetup-profiler-editor-allocator-block-size=1048576"
    "memorysetup-temp-allocator-size-main=16777216"
    "memorysetup-job-temp-allocator-block-size=2097152"
    "memorysetup-job-temp-allocator-block-size-background=1048576"
    "memorysetup-job-temp-allocator-reduction-small-platforms=262144"
    "memorysetup-temp-allocator-size-background-worker=32768"
    "memorysetup-temp-allocator-size-job-worker=262144"
    "memorysetup-temp-allocator-size-preload-manager=33554432"
    "memorysetup-temp-allocator-size-nav-mesh-worker=65536"
    "memorysetup-temp-allocator-size-audio-worker=65536"
    "memorysetup-temp-allocator-size-cloud-worker=32768"
    "memorysetup-temp-allocator-size-gi-baking-worker=262144"
    "memorysetup-temp-allocator-size-gfx=262144"
Refreshing native plugins compatible for Editor in 109.74 ms, found 4 plugins.
Preloading 0 native plugins for Editor in 0.00 ms.
Initialize engine version: 2021.3.8f1 (b30333d56e81)
[Subsystems] Discovering subsystems at path G:/Unity Editor/2021.3.8f1/Editor/Data/Resources/UnitySubsystems
[Subsystems] Discovering subsystems at path G:/Git_Horizontally Scrolling Shooter Repository/Horizontally-Scrolling-Shooter/Assets
GfxDevice: creating device client; threaded=0; jobified=0
Direct3D:
    Version:  Direct3D 11.0 [level 11.1]
    Renderer: AMD Radeon RX 6600 XT (ID=0x73ff)
    Vendor:   ATI
    VRAM:     8147 MB
    Driver:   30.0.15021.11005
Initialize mono
Mono path[0] = 'G:/Unity Editor/2021.3.8f1/Editor/Data/Managed'
Mono path[1] = 'G:/Unity Editor/2021.3.8f1/Editor/Data/MonoBleedingEdge/lib/mono/unityjit-win32'
Mono config path = 'G:/Unity Editor/2021.3.8f1/Editor/Data/MonoBleedingEdge/etc'
Using monoOptions --debugger-agent=transport=dt_socket,embedding=1,server=y,suspend=n,address=127.0.0.1:56664
Begin MonoManager ReloadAssembly
Registering precompiled unity dll's ...
Register platform support module: G:/Unity Editor/2021.3.8f1/Editor/Data/PlaybackEngines/WebGLSupport/UnityEditor.WebGL.Extensions.dll
Register platform support module: G:/Unity Editor/2021.3.8f1/Editor/Data/PlaybackEngines/AndroidPlayer/UnityEditor.Android.Extensions.dll
Register platform support module: G:/Unity Editor/2021.3.8f1/Editor/Data/PlaybackEngines/iOSSupport/UnityEditor.iOS.Extensions.dll
Register platform support module: G:/Unity Editor/2021.3.8f1/Editor/Data/PlaybackEngines/WindowsStandaloneSupport/UnityEditor.WindowsStandalone.Extensions.dll
Registered in 0.002943 seconds.
Native extension for WindowsStandalone target not found
[usbmuxd] Start listen thread
[usbmuxd] Listen thread started
Native extension for iOS target not found
Native extension for Android target not found
Native extension for WebGL target not found
Refreshing native plugins compatible for Editor in 104.75 ms, found 4 plugins.
Preloading 0 native plugins for Editor in 0.00 ms.
Mono: successfully reloaded assembly
- Completed reload, in  0.499 seconds
Domain Reload Profiling:
	ReloadAssembly (499ms)
		BeginReloadAssembly (62ms)
			ExecutionOrderSort (0ms)
			DisableScriptedObjects (0ms)
			BackupInstance (0ms)
			ReleaseScriptingObjects (0ms)
			CreateAndSetChildDomain (1ms)
		EndReloadAssembly (371ms)
			LoadAssemblies (63ms)
			RebuildTransferFunctionScriptingTraits (0ms)
			SetupTypeCache (68ms)
			ReleaseScriptCaches (0ms)
			RebuildScriptCaches (19ms)
			SetupLoadedEditorAssemblies (250ms)
				LogAssemblyErrors (0ms)
				InitializePlatformSupportModulesInManaged (41ms)
				SetLoadedEditorAssemblies (0ms)
				RefreshPlugins (105ms)
				BeforeProcessingInitializeOnLoad (1ms)
				ProcessInitializeOnLoadAttributes (71ms)
				ProcessInitializeOnLoadMethodAttributes (31ms)
				AfterProcessingInitializeOnLoad (0ms)
				EditorAssembliesLoaded (0ms)
			ExecutionOrderSort2 (0ms)
			AwakeInstancesAfterBackupRestoration (0ms)
Platform modules already initialized, skipping
Registering precompiled user dll's ...
Registered in 0.009196 seconds.
Begin MonoManager ReloadAssembly
Symbol file LoadedFromMemory doesn't match image G:\Git_Horizontally Scrolling Shooter Repository\Horizontally-Scrolling-Shooter\Library\PackageCache\com.unity.visualscripting@1.7.8\Editor\VisualScripting.Core\Dependencies\DotNetZip\Unity.VisualScripting.IonicZip.dll
Symbol file LoadedFromMemory doesn't match image G:\Git_Horizontally Scrolling Shooter Repository\Horizontally-Scrolling-Shooter\Library\PackageCache\com.unity.visualscripting@1.7.8\Editor\VisualScripting.Core\Dependencies\YamlDotNet\Unity.VisualScripting.YamlDotNet.dll
Native extension for WindowsStandalone target not found
Native extension for iOS target not found
Native extension for Android target not found
Native extension for WebGL target not found
Refreshing native plugins compatible for Editor in 99.32 ms, found 4 plugins.
Preloading 0 native plugins for Editor in 0.00 ms.
Package Manager log level set to [2]
Mono: successfully reloaded assembly
- Completed reload, in  1.202 seconds
Domain Reload Profiling:
	ReloadAssembly (1203ms)
		BeginReloadAssembly (201ms)
			ExecutionOrderSort (0ms)
			DisableScriptedObjects (4ms)
			BackupInstance (0ms)
			ReleaseScriptingObjects (0ms)
			CreateAndSetChildDomain (126ms)
		EndReloadAssembly (926ms)
			LoadAssemblies (93ms)
			RebuildTransferFunctionScriptingTraits (0ms)
			SetupTypeCache (185ms)
			ReleaseScriptCaches (1ms)
			RebuildScriptCaches (52ms)
			SetupLoadedEditorAssemblies (579ms)
				LogAssemblyErrors (0ms)
				InitializePlatformSupportModulesInManaged (14ms)
				SetLoadedEditorAssemblies (0ms)
				RefreshPlugins (99ms)
				BeforeProcessingInitializeOnLoad (108ms)
				ProcessInitializeOnLoadAttributes (247ms)
				ProcessInitializeOnLoadMethodAttributes (109ms)
				AfterProcessingInitializeOnLoad (2ms)
				EditorAssembliesLoaded (0ms)
			ExecutionOrderSort2 (0ms)
			AwakeInstancesAfterBackupRestoration (4ms)
Platform modules already initialized, skipping
========================================================================
Worker process is ready to serve import requests
Launched and connected shader compiler UnityShaderCompiler.exe after 0.05 seconds
Refreshing native plugins compatible for Editor in 1.25 ms, found 4 plugins.
Preloading 0 native plugins for Editor in 0.00 ms.
Unloading 6282 Unused Serialized files (Serialized files now loaded: 0)
Unloading 78 unused Assets / (0.7 MB). Loaded Objects now: 6717.
Memory consumption went from 250.0 MB to 249.3 MB.
Total: 6.121600 ms (FindLiveObjects: 0.389600 ms CreateObjectMapping: 0.140600 ms MarkObjects: 5.320000 ms  DeleteObjects: 0.270600 ms)

AssetImportParameters requested are different than current active one (requested -> active):
  custom:video-decoder-ogg-theora: a1e56fd34408186e4bbccfd4996cb3dc -> 
  custom:container-muxer-webm: aa71ff27fc2769a1b78a27578f13a17b -> 
  custom:container-demuxer-webm: 4f35f7cbe854078d1ac9338744f61a02 -> 
  custom:video-encoder-webm-vp8: eb34c28f22e8b96e1ab97ce403110664 -> 
  custom:audio-encoder-webm-vorbis: bf7c407c2cedff20999df2af8eb42d56 -> 
  custom:framework-win-MediaFoundation: 216162199b28c13a410421893ffa2e32 -> 
  custom:container-demuxer-ogg: 62fdf1f143b41e24485cea50d1cbac27 -> 
  custom:video-decoder-webm-vp8: 9c59270c3fd7afecdb556c50c9e8de78 -> 
  custom:audio-decoder-ogg-vorbis: bf7c407c2cedff20999df2af8eb42d56 -> 
========================================================================
Received Import Request.
  Time since last request: 92045.961841 seconds.
  path: Assets/KriptoFX/Realistic Effects Pack 3/Other/Robot Kyle/Raw Mocap Data/Animations/Idle/Walk2Idle_Idle2WalkBackward.fbx
  artifactKey: Guid(b308ddbaade5f054299169349d245201) Importer(815301076,1909f56bfc062723c751e8b465ee728b)
Start importing Assets/KriptoFX/Realistic Effects Pack 3/Other/Robot Kyle/Raw Mocap Data/Animations/Idle/Walk2Idle_Idle2WalkBackward.fbx using Guid(b308ddbaade5f054299169349d245201) Importer(815301076,1909f56bfc062723c751e8b465ee728b)  -> (artifact id: '215e39a1a944fdbf471c43ec75cb64d7') in 0.073134 seconds 
========================================================================
Received Import Request.
  Time since last request: 0.000014 seconds.
  path: Assets/KriptoFX/Realistic Effects Pack 3/Other/Animations/Raw Mocap Data/JogForward_NtrlFaceFwd.fbx
  artifactKey: Guid(96adaf978a4c6324cb4b3b8579556ba0) Importer(815301076,1909f56bfc062723c751e8b465ee728b)
Start importing Assets/KriptoFX/Realistic Effects Pack 3/Other/Animations/Raw Mocap Data/JogForward_NtrlFaceFwd.fbx using Guid(96adaf978a4c6324cb4b3b8579556ba0) Importer(815301076,1909f56bfc062723c751e8b465ee728b)  -> (artifact id: '493ebdf39cca492b13cc24eea9c7c964') in 0.014934 seconds 
========================================================================
Received Import Request.
  Time since last request: 3.175069 seconds.
  path: Assets/Resources/(Playniax)Shooting Art Resources/Essentials
  artifactKey: Guid(78bc913cfc123ed47b22d12112cf932a) Importer(815301076,1909f56bfc062723c751e8b465ee728b)
Start importing Assets/Resources/(Playniax)Shooting Art Resources/Essentials using Guid(78bc913cfc123ed47b22d12112cf932a) Importer(815301076,1909f56bfc062723c751e8b465ee728b)  -> (artifact id: '3c0a24e4a34019f9dc9766f23be3528b') in 0.001075 seconds 
========================================================================
Received Import Request.
  Time since last request: 0.703423 seconds.
  path: Assets/Resources/(Playniax)Shooting Art Resources/Essentials/Editor
  artifactKey: Guid(b8d62e985244f1946bf31ac75bfa0f16) Importer(815301076,1909f56bfc062723c751e8b465ee728b)
Start importing Assets/Resources/(Playniax)Shooting Art Resources/Essentials/Editor using Guid(b8d62e985244f1946bf31ac75bfa0f16) Importer(815301076,1909f56bfc062723c751e8b465ee728b)  -> (artifact id: '91de1ca96e0eaa9cfedaaff38f29fc79') in 0.001114 seconds 
========================================================================
Received Import Request.
  Time since last request: 1.553047 seconds.
  path: Assets/Resources/(Playniax)Shooting Art Resources/Essentials/Fonts/Future Earth Regular.ttf
  artifactKey: Guid(eef19c64d0cc359409093a76357dc910) Importer(815301076,1909f56bfc062723c751e8b465ee728b)
Start importing Assets/Resources/(Playniax)Shooting Art Resources/Essentials/Fonts/Future Earth Regular.ttf using Guid(eef19c64d0cc359409093a76357dc910) Importer(815301076,1909f56bfc062723c751e8b465ee728b)  -> (artifact id: 'c32cdd5953e4f84c1c5bb7e409792b69') in 0.077100 seconds 
========================================================================
Received Import Request.
  Time since last request: 3.020821 seconds.
  path: Assets/Resources/(Playniax)Shooting Art Resources/Ignition/Prefabs
  artifactKey: Guid(f01b1276bac42de4eb3ea9a389894682) Importer(815301076,1909f56bfc062723c751e8b465ee728b)
Start importing Assets/Resources/(Playniax)Shooting Art Resources/Ignition/Prefabs using Guid(f01b1276bac42de4eb3ea9a389894682) Importer(815301076,1909f56bfc062723c751e8b465ee728b)  -> (artifact id: '86604bd3dedebba0ecdbe9f8a3879875') in 0.001984 seconds 
========================================================================
Received Import Request.
  Time since last request: 0.742968 seconds.
  path: Assets/Resources/(Playniax)Shooting Art Resources/Ignition/Prefabs/UI
  artifactKey: Guid(788ae3e5fe771f54d8d6325d222f237e) Importer(815301076,1909f56bfc062723c751e8b465ee728b)
Start importing Assets/Resources/(Playniax)Shooting Art Resources/Ignition/Prefabs/UI using Guid(788ae3e5fe771f54d8d6325d222f237e) Importer(815301076,1909f56bfc062723c751e8b465ee728b)  -> (artifact id: 'c8b428c9d4869d87b7d9984c4a58e015') in 0.001237 seconds 
========================================================================
Received Import Request.
  Time since last request: 1.002908 seconds.
  path: Assets/Resources/(Playniax)Shooting Art Resources/Ignition/Prefabs/UI/Player
  artifactKey: Guid(cf8a948b6960e4e4e80d83105c090f3b) Importer(815301076,1909f56bfc062723c751e8b465ee728b)
Start importing Assets/Resources/(Playniax)Shooting Art Resources/Ignition/Prefabs/UI/Player using Guid(cf8a948b6960e4e4e80d83105c090f3b) Importer(815301076,1909f56bfc062723c751e8b465ee728b)  -> (artifact id: 'b212b06b81e0b129c39abf1a05f4e4b2') in 0.000986 seconds 
========================================================================
Received Import Request.
  Time since last request: 0.039243 seconds.
  path: Assets/Resources/(Playniax)Shooting Art Resources/Ignition/Prefabs/UI/Player/Player Dash.prefab
  artifactKey: Guid(f36c88236448f4440abb095c29467209) Importer(815301076,1909f56bfc062723c751e8b465ee728b)
Start importing Assets/Resources/(Playniax)Shooting Art Resources/Ignition/Prefabs/UI/Player/Player Dash.prefab using Guid(f36c88236448f4440abb095c29467209) Importer(815301076,1909f56bfc062723c751e8b465ee728b)  -> (artifact id: '3afb0e0918da35624540582dc4cb4856') in 0.009424 seconds 
========================================================================
Received Import Request.
  Time since last request: 8.260269 seconds.
  path: Assets/Resources/(Playniax)Shooting Art Resources/Prototyping/Particle System
  artifactKey: Guid(ae29c8adf13c2a84184faa009dfeebc6) Importer(815301076,1909f56bfc062723c751e8b465ee728b)
Start importing Assets/Resources/(Playniax)Shooting Art Resources/Prototyping/Particle System using Guid(ae29c8adf13c2a84184faa009dfeebc6) Importer(815301076,1909f56bfc062723c751e8b465ee728b)  -> (artifact id: '9638961c55dd326b5a017573b3456bf8') in 0.001291 seconds 
========================================================================
Received Import Request.
  Time since last request: 1.461897 seconds.
  path: Assets/Resources/(Playniax)Shooting Art Resources/Prototyping/Particle System/Examples
  artifactKey: Guid(01a69c0f1583fe942a2f8cbd7a4f2019) Importer(815301076,1909f56bfc062723c751e8b465ee728b)
Start importing Assets/Resources/(Playniax)Shooting Art Resources/Prototyping/Particle System/Examples using Guid(01a69c0f1583fe942a2f8cbd7a4f2019) Importer(815301076,1909f56bfc062723c751e8b465ee728b)  -> (artifact id: '6baf8d97730f0ab78eb1873428a597ed') in 0.001089 seconds 
========================================================================
Received Import Request.
  Time since last request: 2.103320 seconds.
  path: Assets/Resources/(Playniax)Shooting Art Resources/Prototyping/Particle System/Textures/black 1.png
  artifactKey: Guid(d993c4b69918d7644b94f5d6caa4fd8e) Importer(815301076,1909f56bfc062723c751e8b465ee728b)
Start importing Assets/Resources/(Playniax)Shooting Art Resources/Prototyping/Particle System/Textures/black 1.png using Guid(d993c4b69918d7644b94f5d6caa4fd8e) Importer(815301076,1909f56bfc062723c751e8b465ee728b)  -> (artifact id: '12742ab00f3ba42da0f18dfe353368d9') in 0.033317 seconds 
========================================================================
Received Import Request.
  Time since last request: 0.007936 seconds.
  path: Assets/Resources/(Playniax)Shooting Art Resources/Prototyping/Particle System/Textures/black 6.png
  artifactKey: Guid(84402f536f817c94fbae46825677cd27) Importer(815301076,1909f56bfc062723c751e8b465ee728b)
Start importing Assets/Resources/(Playniax)Shooting Art Resources/Prototyping/Particle System/Textures/black 6.png using Guid(84402f536f817c94fbae46825677cd27) Importer(815301076,1909f56bfc062723c751e8b465ee728b)  -> (artifact id: '65bd7d6f1a5b7dc37cae247c78100d48') in 0.020287 seconds 
========================================================================
Received Import Request.
  Time since last request: 0.000022 seconds.
  path: Assets/Resources/(Playniax)Shooting Art Resources/Prototyping/Particle System/Textures/black 3.png
  artifactKey: Guid(4030235a408aa0a42ba51229f4651fa1) Importer(815301076,1909f56bfc062723c751e8b465ee728b)
Start importing Assets/Resources/(Playniax)Shooting Art Resources/Prototyping/Particle System/Textures/black 3.png using Guid(4030235a408aa0a42ba51229f4651fa1) Importer(815301076,1909f56bfc062723c751e8b465ee728b)  -> (artifact id: '9855265372c9258daf01785cb3b1374e') in 0.015954 seconds 
========================================================================
Received Import Request.
  Time since last request: 0.000016 seconds.
  path: Assets/Resources/(Playniax)Shooting Art Resources/Prototyping/Particle System/Textures/blue glow.png
  artifactKey: Guid(0b2f3426523fb774d986f1d0fa8e758c) Importer(815301076,1909f56bfc062723c751e8b465ee728b)
Start importing Assets/Resources/(Playniax)Shooting Art Resources/Prototyping/Particle System/Textures/blue glow.png using Guid(0b2f3426523fb774d986f1d0fa8e758c) Importer(815301076,1909f56bfc062723c751e8b465ee728b)  -> (artifact id: '4931335504222412a8b61e8085b563c6') in 0.016563 seconds 
========================================================================
Received Import Request.
  Time since last request: 0.000015 seconds.
  path: Assets/Resources/(Playniax)Shooting Art Resources/Prototyping/Particle System/Textures/blastwave 1.png
  artifactKey: Guid(fc4ebb598ceb14542b81d2b6c62e24ca) Importer(815301076,1909f56bfc062723c751e8b465ee728b)
Start importing Assets/Resources/(Playniax)Shooting Art Resources/Prototyping/Particle System/Textures/blastwave 1.png using Guid(fc4ebb598ceb14542b81d2b6c62e24ca) Importer(815301076,1909f56bfc062723c751e8b465ee728b)  -> (artifact id: 'a4e4d2f4cb2af0593996c712205a42e5') in 0.032826 seconds 
========================================================================
Received Import Request.
  Time since last request: 0.000017 seconds.
  path: Assets/Resources/(Playniax)Shooting Art Resources/Prototyping/Particle System/Textures/black 4.png
  artifactKey: Guid(16ca03d7edd62324b895c63dc2ac35fb) Importer(815301076,1909f56bfc062723c751e8b465ee728b)
Start importing Assets/Resources/(Playniax)Shooting Art Resources/Prototyping/Particle System/Textures/black 4.png using Guid(16ca03d7edd62324b895c63dc2ac35fb) Importer(815301076,1909f56bfc062723c751e8b465ee728b)  -> (artifact id: '7d684b24f89a5f7b1e1b7b1926011ada') in 0.016235 seconds 
========================================================================
Received Import Request.
  Time since last request: 0.000028 seconds.
  path: Assets/Resources/(Playniax)Shooting Art Resources/Prototyping/Particle System/Textures/black 5.png
  artifactKey: Guid(ffb3a7119b8ddb34e89ef0956136d8da) Importer(815301076,1909f56bfc062723c751e8b465ee728b)
Start importing Assets/Resources/(Playniax)Shooting Art Resources/Prototyping/Particle System/Textures/black 5.png using Guid(ffb3a7119b8ddb34e89ef0956136d8da) Importer(815301076,1909f56bfc062723c751e8b465ee728b)  -> (artifact id: '56fb70105d0571c6626ba0ac841d57a1') in 0.016690 seconds 
========================================================================
Received Import Request.
  Time since last request: 0.701266 seconds.
  path: Assets/Resources/(Playniax)Shooting Art Resources/Prototyping/Particle System/Textures/glow 3.png
  artifactKey: Guid(88a6a5d9348624f4ca00910d07001cf8) Importer(815301076,1909f56bfc062723c751e8b465ee728b)
Start importing Assets/Resources/(Playniax)Shooting Art Resources/Prototyping/Particle System/Textures/glow 3.png using Guid(88a6a5d9348624f4ca00910d07001cf8) Importer(815301076,1909f56bfc062723c751e8b465ee728b)  -> (artifact id: 'f9daf6f7e35adec9b854b38a9b14f7a6') in 0.017921 seconds 
========================================================================
Received Import Request.
  Time since last request: 0.000015 seconds.
  path: Assets/Resources/(Playniax)Shooting Art Resources/Prototyping/Particle System/Textures/glow 5.png
  artifactKey: Guid(98029938f22c42f4bad75cbbec3a4de5) Importer(815301076,1909f56bfc062723c751e8b465ee728b)
Start importing Assets/Resources/(Playniax)Shooting Art Resources/Prototyping/Particle System/Textures/glow 5.png using Guid(98029938f22c42f4bad75cbbec3a4de5) Importer(815301076,1909f56bfc062723c751e8b465ee728b)  -> (artifact id: '3b732fe94b7db920d3b142c181f8837e') in 0.016006 seconds 
========================================================================
Received Import Request.
  Time since last request: 0.038791 seconds.
  path: Assets/Resources/(Playniax)Shooting Art Resources/Prototyping/Particle System/Textures/green glow.png
  artifactKey: Guid(e820609eef297084a8d78b4cf30aa6b0) Importer(815301076,1909f56bfc062723c751e8b465ee728b)
Start importing Assets/Resources/(Playniax)Shooting Art Resources/Prototyping/Particle System/Textures/green glow.png using Guid(e820609eef297084a8d78b4cf30aa6b0) Importer(815301076,1909f56bfc062723c751e8b465ee728b)  -> (artifact id: '92fe54435be8c633723c3b4df82ee9e5') in 0.016028 seconds 
========================================================================
Received Import Request.
  Time since last request: 2.709320 seconds.
  path: Assets/Resources/(Playniax)Shooting Art Resources/Prototyping/Particle System/Textures/grey 2.png
  artifactKey: Guid(61685398aa9fb9141a949c97036a1e8e) Importer(815301076,1909f56bfc062723c751e8b465ee728b)
Start importing Assets/Resources/(Playniax)Shooting Art Resources/Prototyping/Particle System/Textures/grey 2.png using Guid(61685398aa9fb9141a949c97036a1e8e) Importer(815301076,1909f56bfc062723c751e8b465ee728b)  -> (artifact id: '830bb416abf144a3ec4a0ab7407e000f') in 0.017692 seconds 
========================================================================
Received Import Request.
  Time since last request: 0.000016 seconds.
  path: Assets/Resources/(Playniax)Shooting Art Resources/Prototyping/Particle System/Textures/grey 5.png
  artifactKey: Guid(543fbe2bd0f21b14c85a7804e0969e19) Importer(815301076,1909f56bfc062723c751e8b465ee728b)
Start importing Assets/Resources/(Playniax)Shooting Art Resources/Prototyping/Particle System/Textures/grey 5.png using Guid(543fbe2bd0f21b14c85a7804e0969e19) Importer(815301076,1909f56bfc062723c751e8b465ee728b)  -> (artifact id: 'c4ff51151ffeee148e16c110b300f6e2') in 0.016491 seconds 
========================================================================
Received Import Request.
  Time since last request: 0.000015 seconds.
  path: Assets/Resources/(Playniax)Shooting Art Resources/Prototyping/Particle System/Textures/yellow glow.png
  artifactKey: Guid(9a34e4ce08fd01e4baa264369c9e4284) Importer(815301076,1909f56bfc062723c751e8b465ee728b)
Start importing Assets/Resources/(Playniax)Shooting Art Resources/Prototyping/Particle System/Textures/yellow glow.png using Guid(9a34e4ce08fd01e4baa264369c9e4284) Importer(815301076,1909f56bfc062723c751e8b465ee728b)  -> (artifact id: 'e2925433f84bfb9732535bd67d5e3ed2') in 0.016271 seconds 
========================================================================
Received Import Request.
  Time since last request: 12.993280 seconds.
  path: Assets/Resources/(Playniax)Shooting Art Resources/Prototyping/Prefabs/Lasers/Purple Laser.prefab
  artifactKey: Guid(e86187ca3424e16459c4c7f2da625377) Importer(815301076,1909f56bfc062723c751e8b465ee728b)
Start importing Assets/Resources/(Playniax)Shooting Art Resources/Prototyping/Prefabs/Lasers/Purple Laser.prefab using Guid(e86187ca3424e16459c4c7f2da625377) Importer(815301076,1909f56bfc062723c751e8b465ee728b)  -> (artifact id: '8d7ab0b8599fa7a4eb9d8247e107d0e4') in 0.004870 seconds 
========================================================================
Received Import Request.
  Time since last request: 7.199438 seconds.
  path: Assets/Resources/(Playniax)Shooting Art Resources/Prototyping/Prefabs/Enemies (Bullets)/Enemy Bullet (Generic Red).prefab
  artifactKey: Guid(39f623aafcac9d749a061be9f79b5ced) Importer(815301076,1909f56bfc062723c751e8b465ee728b)
Start importing Assets/Resources/(Playniax)Shooting Art Resources/Prototyping/Prefabs/Enemies (Bullets)/Enemy Bullet (Generic Red).prefab using Guid(39f623aafcac9d749a061be9f79b5ced) Importer(815301076,1909f56bfc062723c751e8b465ee728b)  -> (artifact id: 'f66d6ca2936ee8df5cf1251dd4c8e76d') in 0.004690 seconds 
========================================================================
Received Import Request.
  Time since last request: 3.131935 seconds.
  path: Assets/Resources/(Playniax)Shooting Art Resources/Prototyping/Prefabs/Players (Bullets)/Player Bullet (Purple).prefab
  artifactKey: Guid(5677dcf62ecec4a49a7d57ea364122f4) Importer(815301076,1909f56bfc062723c751e8b465ee728b)
Start importing Assets/Resources/(Playniax)Shooting Art Resources/Prototyping/Prefabs/Players (Bullets)/Player Bullet (Purple).prefab using Guid(5677dcf62ecec4a49a7d57ea364122f4) Importer(815301076,1909f56bfc062723c751e8b465ee728b)  -> (artifact id: '99c4774f77d2dc38c5c1c6cb237aa019') in 0.004541 seconds 
========================================================================
Received Prepare
Registering precompiled user dll's ...
Registered in 0.009982 seconds.
Begin MonoManager ReloadAssembly
Symbol file LoadedFromMemory doesn't match image G:\Git_Horizontally Scrolling Shooter Repository\Horizontally-Scrolling-Shooter\Library\PackageCache\com.unity.visualscripting@1.7.8\Editor\VisualScripting.Core\Dependencies\DotNetZip\Unity.VisualScripting.IonicZip.dll
Symbol file LoadedFromMemory doesn't match image G:\Git_Horizontally Scrolling Shooter Repository\Horizontally-Scrolling-Shooter\Library\PackageCache\com.unity.visualscripting@1.7.8\Editor\VisualScripting.Core\Dependencies\YamlDotNet\Unity.VisualScripting.YamlDotNet.dll
Native extension for WindowsStandalone target not found
Native extension for iOS target not found
Native extension for Android target not found
Native extension for WebGL target not found
Refreshing native plugins compatible for Editor in 1.30 ms, found 4 plugins.
Preloading 0 native plugins for Editor in 0.00 ms.
Mono: successfully reloaded assembly
- Completed reload, in  1.116 seconds
Domain Reload Profiling:
	ReloadAssembly (1117ms)
		BeginReloadAssembly (206ms)
			ExecutionOrderSort (0ms)
			DisableScriptedObjects (4ms)
			BackupInstance (0ms)
			ReleaseScriptingObjects (0ms)
			CreateAndSetChildDomain (52ms)
		EndReloadAssembly (842ms)
			LoadAssemblies (187ms)
			RebuildTransferFunctionScriptingTraits (0ms)
			SetupTypeCache (202ms)
			ReleaseScriptCaches (2ms)
			RebuildScriptCaches (43ms)
			SetupLoadedEditorAssemblies (458ms)
				LogAssemblyErrors (0ms)
				InitializePlatformSupportModulesInManaged (22ms)
				SetLoadedEditorAssemblies (0ms)
				RefreshPlugins (1ms)
				BeforeProcessingInitializeOnLoad (85ms)
				ProcessInitializeOnLoadAttributes (235ms)
				ProcessInitializeOnLoadMethodAttributes (112ms)
				AfterProcessingInitializeOnLoad (2ms)
				EditorAssembliesLoaded (0ms)
			ExecutionOrderSort2 (0ms)
			AwakeInstancesAfterBackupRestoration (6ms)
Platform modules already initialized, skipping
Refreshing native plugins compatible for Editor in 4.12 ms, found 4 plugins.
Preloading 0 native plugins for Editor in 0.00 ms.
Unloading 6154 Unused Serialized files (Serialized files now loaded: 0)
Unloading 65 unused Assets / (0.7 MB). Loaded Objects now: 6773.
Memory consumption went from 243.8 MB to 243.1 MB.
Total: 7.434500 ms (FindLiveObjects: 0.372900 ms CreateObjectMapping: 0.288700 ms MarkObjects: 6.508300 ms  DeleteObjects: 0.263800 ms)

AssetImportParameters requested are different than current active one (requested -> active):
  custom:video-decoder-ogg-theora: a1e56fd34408186e4bbccfd4996cb3dc -> 
  custom:container-muxer-webm: aa71ff27fc2769a1b78a27578f13a17b -> 
  custom:container-demuxer-webm: 4f35f7cbe854078d1ac9338744f61a02 -> 
  custom:video-encoder-webm-vp8: eb34c28f22e8b96e1ab97ce403110664 -> 
  custom:audio-encoder-webm-vorbis: bf7c407c2cedff20999df2af8eb42d56 -> 
  custom:framework-win-MediaFoundation: 216162199b28c13a410421893ffa2e32 -> 
  custom:container-demuxer-ogg: 62fdf1f143b41e24485cea50d1cbac27 -> 
  custom:video-decoder-webm-vp8: 9c59270c3fd7afecdb556c50c9e8de78 -> 
  custom:audio-decoder-ogg-vorbis: bf7c407c2cedff20999df2af8eb42d56 -> 
Editor requested this worker to shutdown with reason: Scaling down because of idle timeout
AssetImportWorker is now disconnected from the server
Process exiting
Exiting without the bug reporter. Application will terminate with return code 0