Using pre-set license
Built from '2021.3/staging' branch; Version is '2021.3.8f1 (b30333d56e81) revision 11731763'; Using compiler version '192829333'; Build Type 'Release'
OS: 'Windows 10  (10.0.19044) 64bit Professional' Language: 'ko' Physical Memory: 65450 MB
BatchMode: 1, IsHumanControllingUs: 0, StartBugReporterOnCrash: 0, Is64bit: 1, IsPro: 1

COMMAND LINE ARGUMENTS:
G:\Unity Editor\2021.3.8f1\Editor\Unity.exe
-adb2
-batchMode
-noUpm
-name
AssetImportWorker2
-projectPath
G:/Git_Horizontally Scrolling Shooter Repository/Horizontally-Scrolling-Shooter
-logFile
Logs/AssetImportWorker2.log
-srvPort
10094
Successfully changed project path to: G:/Git_Horizontally Scrolling Shooter Repository/Horizontally-Scrolling-Shooter
G:/Git_Horizontally Scrolling Shooter Repository/Horizontally-Scrolling-Shooter
[UnityMemory] Configuration Parameters - Can be set up in boot.config
    "memorysetup-bucket-allocator-granularity=16"
    "memorysetup-bucket-allocator-bucket-count=8"
    "memorysetup-bucket-allocator-block-size=33554432"
    "memorysetup-bucket-allocator-block-count=8"
    "memorysetup-main-allocator-block-size=16777216"
    "memorysetup-thread-allocator-block-size=16777216"
    "memorysetup-gfx-main-allocator-block-size=16777216"
    "memorysetup-gfx-thread-allocator-block-size=16777216"
    "memorysetup-cache-allocator-block-size=4194304"
    "memorysetup-typetree-allocator-block-size=2097152"
    "memorysetup-profiler-bucket-allocator-granularity=16"
    "memorysetup-profiler-bucket-allocator-bucket-count=8"
    "memorysetup-profiler-bucket-allocator-block-size=33554432"
    "memorysetup-profiler-bucket-allocator-block-count=8"
    "memorysetup-profiler-allocator-block-size=16777216"
    "memorysetup-profiler-editor-allocator-block-size=1048576"
    "memorysetup-temp-allocator-size-main=16777216"
    "memorysetup-job-temp-allocator-block-size=2097152"
    "memorysetup-job-temp-allocator-block-size-background=1048576"
    "memorysetup-job-temp-allocator-reduction-small-platforms=262144"
    "memorysetup-temp-allocator-size-background-worker=32768"
    "memorysetup-temp-allocator-size-job-worker=262144"
    "memorysetup-temp-allocator-size-preload-manager=33554432"
    "memorysetup-temp-allocator-size-nav-mesh-worker=65536"
    "memorysetup-temp-allocator-size-audio-worker=65536"
    "memorysetup-temp-allocator-size-cloud-worker=32768"
    "memorysetup-temp-allocator-size-gi-baking-worker=262144"
    "memorysetup-temp-allocator-size-gfx=262144"
Refreshing native plugins compatible for Editor in 106.06 ms, found 4 plugins.
Preloading 0 native plugins for Editor in 0.00 ms.
Initialize engine version: 2021.3.8f1 (b30333d56e81)
[Subsystems] Discovering subsystems at path G:/Unity Editor/2021.3.8f1/Editor/Data/Resources/UnitySubsystems
[Subsystems] Discovering subsystems at path G:/Git_Horizontally Scrolling Shooter Repository/Horizontally-Scrolling-Shooter/Assets
GfxDevice: creating device client; threaded=0; jobified=0
Direct3D:
    Version:  Direct3D 11.0 [level 11.1]
    Renderer: AMD Radeon RX 6600 XT (ID=0x73ff)
    Vendor:   ATI
    VRAM:     8147 MB
    Driver:   30.0.15021.11005
Initialize mono
Mono path[0] = 'G:/Unity Editor/2021.3.8f1/Editor/Data/Managed'
Mono path[1] = 'G:/Unity Editor/2021.3.8f1/Editor/Data/MonoBleedingEdge/lib/mono/unityjit-win32'
Mono config path = 'G:/Unity Editor/2021.3.8f1/Editor/Data/MonoBleedingEdge/etc'
Using monoOptions --debugger-agent=transport=dt_socket,embedding=1,server=y,suspend=n,address=127.0.0.1:56664
Begin MonoManager ReloadAssembly
Registering precompiled unity dll's ...
Register platform support module: G:/Unity Editor/2021.3.8f1/Editor/Data/PlaybackEngines/WebGLSupport/UnityEditor.WebGL.Extensions.dll
Register platform support module: G:/Unity Editor/2021.3.8f1/Editor/Data/PlaybackEngines/AndroidPlayer/UnityEditor.Android.Extensions.dll
Register platform support module: G:/Unity Editor/2021.3.8f1/Editor/Data/PlaybackEngines/iOSSupport/UnityEditor.iOS.Extensions.dll
Register platform support module: G:/Unity Editor/2021.3.8f1/Editor/Data/PlaybackEngines/WindowsStandaloneSupport/UnityEditor.WindowsStandalone.Extensions.dll
Registered in 0.003412 seconds.
Native extension for WindowsStandalone target not found
[usbmuxd] Start listen thread
[usbmuxd] Listen thread started
Native extension for iOS target not found
Native extension for Android target not found
Native extension for WebGL target not found
Refreshing native plugins compatible for Editor in 100.58 ms, found 4 plugins.
Preloading 0 native plugins for Editor in 0.00 ms.
Mono: successfully reloaded assembly
- Completed reload, in  0.534 seconds
Domain Reload Profiling:
	ReloadAssembly (534ms)
		BeginReloadAssembly (71ms)
			ExecutionOrderSort (0ms)
			DisableScriptedObjects (0ms)
			BackupInstance (0ms)
			ReleaseScriptingObjects (0ms)
			CreateAndSetChildDomain (1ms)
		EndReloadAssembly (388ms)
			LoadAssemblies (72ms)
			RebuildTransferFunctionScriptingTraits (0ms)
			SetupTypeCache (77ms)
			ReleaseScriptCaches (0ms)
			RebuildScriptCaches (22ms)
			SetupLoadedEditorAssemblies (253ms)
				LogAssemblyErrors (0ms)
				InitializePlatformSupportModulesInManaged (45ms)
				SetLoadedEditorAssemblies (0ms)
				RefreshPlugins (101ms)
				BeforeProcessingInitializeOnLoad (1ms)
				ProcessInitializeOnLoadAttributes (73ms)
				ProcessInitializeOnLoadMethodAttributes (33ms)
				AfterProcessingInitializeOnLoad (0ms)
				EditorAssembliesLoaded (0ms)
			ExecutionOrderSort2 (0ms)
			AwakeInstancesAfterBackupRestoration (0ms)
Platform modules already initialized, skipping
Registering precompiled user dll's ...
Registered in 0.008829 seconds.
Begin MonoManager ReloadAssembly
Symbol file LoadedFromMemory doesn't match image G:\Git_Horizontally Scrolling Shooter Repository\Horizontally-Scrolling-Shooter\Library\PackageCache\com.unity.visualscripting@1.7.8\Editor\VisualScripting.Core\Dependencies\YamlDotNet\Unity.VisualScripting.YamlDotNet.dll
Symbol file LoadedFromMemory doesn't match image G:\Git_Horizontally Scrolling Shooter Repository\Horizontally-Scrolling-Shooter\Library\PackageCache\com.unity.visualscripting@1.7.8\Editor\VisualScripting.Core\Dependencies\DotNetZip\Unity.VisualScripting.IonicZip.dll
Native extension for WindowsStandalone target not found
Native extension for iOS target not found
Native extension for Android target not found
Native extension for WebGL target not found
Refreshing native plugins compatible for Editor in 102.45 ms, found 4 plugins.
Preloading 0 native plugins for Editor in 0.00 ms.
Mono: successfully reloaded assembly
- Completed reload, in  1.189 seconds
Domain Reload Profiling:
	ReloadAssembly (1190ms)
		BeginReloadAssembly (208ms)
			ExecutionOrderSort (0ms)
			DisableScriptedObjects (5ms)
			BackupInstance (0ms)
			ReleaseScriptingObjects (0ms)
			CreateAndSetChildDomain (126ms)
		EndReloadAssembly (904ms)
			LoadAssemblies (94ms)
			RebuildTransferFunctionScriptingTraits (0ms)
			SetupTypeCache (208ms)
			ReleaseScriptCaches (1ms)
			RebuildScriptCaches (56ms)
			SetupLoadedEditorAssemblies (529ms)
				LogAssemblyErrors (0ms)
				InitializePlatformSupportModulesInManaged (16ms)
				SetLoadedEditorAssemblies (0ms)
				RefreshPlugins (103ms)
				BeforeProcessingInitializeOnLoad (103ms)
				ProcessInitializeOnLoadAttributes (229ms)
				ProcessInitializeOnLoadMethodAttributes (77ms)
				AfterProcessingInitializeOnLoad (3ms)
				EditorAssembliesLoaded (0ms)
			ExecutionOrderSort2 (0ms)
			AwakeInstancesAfterBackupRestoration (4ms)
Platform modules already initialized, skipping
========================================================================
Worker process is ready to serve import requests
Launched and connected shader compiler UnityShaderCompiler.exe after 0.05 seconds
Refreshing native plugins compatible for Editor in 1.49 ms, found 4 plugins.
Preloading 0 native plugins for Editor in 0.00 ms.
Unloading 5735 Unused Serialized files (Serialized files now loaded: 0)
Unloading 58 unused Assets / (1.2 MB). Loaded Objects now: 6188.
Memory consumption went from 232.1 MB to 230.9 MB.
Total: 4.645000 ms (FindLiveObjects: 0.429700 ms CreateObjectMapping: 0.137700 ms MarkObjects: 3.486100 ms  DeleteObjects: 0.590600 ms)

AssetImportParameters requested are different than current active one (requested -> active):
  custom:video-decoder-ogg-theora: a1e56fd34408186e4bbccfd4996cb3dc -> 
  custom:container-muxer-webm: aa71ff27fc2769a1b78a27578f13a17b -> 
  custom:container-demuxer-webm: 4f35f7cbe854078d1ac9338744f61a02 -> 
  custom:video-encoder-webm-vp8: eb34c28f22e8b96e1ab97ce403110664 -> 
  custom:audio-encoder-webm-vorbis: bf7c407c2cedff20999df2af8eb42d56 -> 
  custom:framework-win-MediaFoundation: 216162199b28c13a410421893ffa2e32 -> 
  custom:container-demuxer-ogg: 62fdf1f143b41e24485cea50d1cbac27 -> 
  custom:video-decoder-webm-vp8: 9c59270c3fd7afecdb556c50c9e8de78 -> 
  custom:audio-decoder-ogg-vorbis: bf7c407c2cedff20999df2af8eb42d56 -> 
========================================================================
Received Import Request.
  Time since last request: 26349.449713 seconds.
  path: Assets/My Resources/Shooting VFX/Player Charged Bullets/Hits/Hit-1/hits-1-1.png
  artifactKey: Guid(27ff21fb9b7ed4079a65bdb8b0fc27c3) Importer(815301076,1909f56bfc062723c751e8b465ee728b)
Start importing Assets/My Resources/Shooting VFX/Player Charged Bullets/Hits/Hit-1/hits-1-1.png using Guid(27ff21fb9b7ed4079a65bdb8b0fc27c3) Importer(815301076,1909f56bfc062723c751e8b465ee728b)  -> (artifact id: '931e1410ca564d6107a2edd55ca16868') in 0.115625 seconds 
========================================================================
Received Import Request.
  Time since last request: 0.287053 seconds.
  path: Assets/My Resources/Shooting VFX/Player Charged Bullets/Hits/Hit-2/hits-2-1.png
  artifactKey: Guid(de7cd932501094988a25e04e44b1b9f8) Importer(815301076,1909f56bfc062723c751e8b465ee728b)
Start importing Assets/My Resources/Shooting VFX/Player Charged Bullets/Hits/Hit-2/hits-2-1.png using Guid(de7cd932501094988a25e04e44b1b9f8) Importer(815301076,1909f56bfc062723c751e8b465ee728b)  -> (artifact id: '564615a333f28cec8e90c7ef29e00954') in 0.014526 seconds 
========================================================================
Received Import Request.
  Time since last request: 1.413556 seconds.
  path: Assets/My Resources/Shooting VFX/Player Charged Bullets/Hits/Hit-4/hits-4-2.png
  artifactKey: Guid(0472674fab30c4376ace461facdf4a52) Importer(815301076,1909f56bfc062723c751e8b465ee728b)
Start importing Assets/My Resources/Shooting VFX/Player Charged Bullets/Hits/Hit-4/hits-4-2.png using Guid(0472674fab30c4376ace461facdf4a52) Importer(815301076,1909f56bfc062723c751e8b465ee728b)  -> (artifact id: '515e2db5fd09ca1a3e81b4b7a65ce87f') in 0.014132 seconds 
========================================================================
Received Import Request.
  Time since last request: 0.000016 seconds.
  path: Assets/My Resources/Shooting VFX/Player Charged Bullets/Hits/Hit-4/hits-4-7.png
  artifactKey: Guid(0fbd3980ff5614401a2b5b0f48f4bc1a) Importer(815301076,1909f56bfc062723c751e8b465ee728b)
Start importing Assets/My Resources/Shooting VFX/Player Charged Bullets/Hits/Hit-4/hits-4-7.png using Guid(0fbd3980ff5614401a2b5b0f48f4bc1a) Importer(815301076,1909f56bfc062723c751e8b465ee728b)  -> (artifact id: '38e78a72fb074b967b536dc3ffab3e7d') in 0.011543 seconds 
========================================================================
Received Import Request.
  Time since last request: 0.315015 seconds.
  path: Assets/My Resources/Shooting VFX/Player Charged Bullets/Hits/Hit-5/hits-5-2.png
  artifactKey: Guid(cfae240c2be114e3c8d2c78724b93f57) Importer(815301076,1909f56bfc062723c751e8b465ee728b)
Start importing Assets/My Resources/Shooting VFX/Player Charged Bullets/Hits/Hit-5/hits-5-2.png using Guid(cfae240c2be114e3c8d2c78724b93f57) Importer(815301076,1909f56bfc062723c751e8b465ee728b)  -> (artifact id: 'a86d83bc03647f11ac7915f98c80db5b') in 0.014926 seconds 
========================================================================
Received Import Request.
  Time since last request: 0.000017 seconds.
  path: Assets/My Resources/Shooting VFX/Player Charged Bullets/Hits/Hit-5/hits-5-7.png
  artifactKey: Guid(6f9b078fb946e46179dd1dcf754a2844) Importer(815301076,1909f56bfc062723c751e8b465ee728b)
Start importing Assets/My Resources/Shooting VFX/Player Charged Bullets/Hits/Hit-5/hits-5-7.png using Guid(6f9b078fb946e46179dd1dcf754a2844) Importer(815301076,1909f56bfc062723c751e8b465ee728b)  -> (artifact id: 'a8f2f0f65c4ed153c0f84275f04b6cee') in 0.011246 seconds 
========================================================================
Received Import Request.
  Time since last request: 0.351971 seconds.
  path: Assets/My Resources/Shooting VFX/Player Charged Bullets/Hits/Hit-6/hits-6-preview2.png
  artifactKey: Guid(e1c70cc19860d48758addc91445ced2d) Importer(815301076,1909f56bfc062723c751e8b465ee728b)
Start importing Assets/My Resources/Shooting VFX/Player Charged Bullets/Hits/Hit-6/hits-6-preview2.png using Guid(e1c70cc19860d48758addc91445ced2d) Importer(815301076,1909f56bfc062723c751e8b465ee728b)  -> (artifact id: 'd76653726613e168cff7c9829b6272ab') in 0.014861 seconds 
========================================================================
Received Import Request.
  Time since last request: 1.539206 seconds.
  path: Assets/My Resources/Shooting VFX/Player Charged Bullets/Pulse/pulse2.png
  artifactKey: Guid(2b18d44d6d8244d5bbdbef2b52ba068b) Importer(815301076,1909f56bfc062723c751e8b465ee728b)
Start importing Assets/My Resources/Shooting VFX/Player Charged Bullets/Pulse/pulse2.png using Guid(2b18d44d6d8244d5bbdbef2b52ba068b) Importer(815301076,1909f56bfc062723c751e8b465ee728b)  -> (artifact id: 'ae9eba7300e1dab6da20a5e9d9b11cb4') in 0.012941 seconds 
========================================================================
Received Import Request.
  Time since last request: 0.853839 seconds.
  path: Assets/My Resources/Shooting VFX/Player Charged Bullets/Spark/spark-preview2.png
  artifactKey: Guid(4f51bb8911008429aa839a13067fa928) Importer(815301076,1909f56bfc062723c751e8b465ee728b)
Start importing Assets/My Resources/Shooting VFX/Player Charged Bullets/Spark/spark-preview2.png using Guid(4f51bb8911008429aa839a13067fa928) Importer(815301076,1909f56bfc062723c751e8b465ee728b)  -> (artifact id: 'b6fcf867a6e46002f0ce26d769a90e51') in 0.014029 seconds 
========================================================================
Received Import Request.
  Time since last request: 0.375898 seconds.
  path: Assets/My Resources/Shooting VFX/Player Charged Bullets/Waveform/waveform2.png
  artifactKey: Guid(e240c40da139d4e54aee2efe4960bec3) Importer(815301076,1909f56bfc062723c751e8b465ee728b)
Start importing Assets/My Resources/Shooting VFX/Player Charged Bullets/Waveform/waveform2.png using Guid(e240c40da139d4e54aee2efe4960bec3) Importer(815301076,1909f56bfc062723c751e8b465ee728b)  -> (artifact id: 'ac82cf508568057f73080feb6acbdcdd') in 0.013074 seconds 
Editor requested this worker to shutdown with reason: Scaling down because of idle timeout
AssetImportWorker is now disconnected from the server
Process exiting
Exiting without the bug reporter. Application will terminate with return code 0