Using pre-set license
Built from '2021.3/staging' branch; Version is '2021.3.8f1 (b30333d56e81) revision 11731763'; Using compiler version '192829333'; Build Type 'Release'
OS: 'Windows 10  (10.0.19044) 64bit Professional' Language: 'ko' Physical Memory: 65450 MB
BatchMode: 1, IsHumanControllingUs: 0, StartBugReporterOnCrash: 0, Is64bit: 1, IsPro: 1

COMMAND LINE ARGUMENTS:
G:\Unity Editor\2021.3.8f1\Editor\Unity.exe
-adb2
-batchMode
-noUpm
-name
AssetImportWorker15
-projectPath
G:/Git_Horizontally Scrolling Shooter Repository/Horizontally-Scrolling-Shooter
-logFile
Logs/AssetImportWorker15.log
-srvPort
2868
Successfully changed project path to: G:/Git_Horizontally Scrolling Shooter Repository/Horizontally-Scrolling-Shooter
G:/Git_Horizontally Scrolling Shooter Repository/Horizontally-Scrolling-Shooter
[UnityMemory] Configuration Parameters - Can be set up in boot.config
    "memorysetup-bucket-allocator-granularity=16"
    "memorysetup-bucket-allocator-bucket-count=8"
    "memorysetup-bucket-allocator-block-size=33554432"
    "memorysetup-bucket-allocator-block-count=8"
    "memorysetup-main-allocator-block-size=16777216"
    "memorysetup-thread-allocator-block-size=16777216"
    "memorysetup-gfx-main-allocator-block-size=16777216"
    "memorysetup-gfx-thread-allocator-block-size=16777216"
    "memorysetup-cache-allocator-block-size=4194304"
    "memorysetup-typetree-allocator-block-size=2097152"
    "memorysetup-profiler-bucket-allocator-granularity=16"
    "memorysetup-profiler-bucket-allocator-bucket-count=8"
    "memorysetup-profiler-bucket-allocator-block-size=33554432"
    "memorysetup-profiler-bucket-allocator-block-count=8"
    "memorysetup-profiler-allocator-block-size=16777216"
    "memorysetup-profiler-editor-allocator-block-size=1048576"
    "memorysetup-temp-allocator-size-main=16777216"
    "memorysetup-job-temp-allocator-block-size=2097152"
    "memorysetup-job-temp-allocator-block-size-background=1048576"
    "memorysetup-job-temp-allocator-reduction-small-platforms=262144"
    "memorysetup-temp-allocator-size-background-worker=32768"
    "memorysetup-temp-allocator-size-job-worker=262144"
    "memorysetup-temp-allocator-size-preload-manager=33554432"
    "memorysetup-temp-allocator-size-nav-mesh-worker=65536"
    "memorysetup-temp-allocator-size-audio-worker=65536"
    "memorysetup-temp-allocator-size-cloud-worker=32768"
    "memorysetup-temp-allocator-size-gi-baking-worker=262144"
    "memorysetup-temp-allocator-size-gfx=262144"
Refreshing native plugins compatible for Editor in 111.84 ms, found 4 plugins.
Preloading 0 native plugins for Editor in 0.00 ms.
Initialize engine version: 2021.3.8f1 (b30333d56e81)
[Subsystems] Discovering subsystems at path G:/Unity Editor/2021.3.8f1/Editor/Data/Resources/UnitySubsystems
[Subsystems] Discovering subsystems at path G:/Git_Horizontally Scrolling Shooter Repository/Horizontally-Scrolling-Shooter/Assets
GfxDevice: creating device client; threaded=0; jobified=0
Direct3D:
    Version:  Direct3D 11.0 [level 11.1]
    Renderer: AMD Radeon RX 6600 XT (ID=0x73ff)
    Vendor:   ATI
    VRAM:     8147 MB
    Driver:   30.0.15021.11005
Initialize mono
Mono path[0] = 'G:/Unity Editor/2021.3.8f1/Editor/Data/Managed'
Mono path[1] = 'G:/Unity Editor/2021.3.8f1/Editor/Data/MonoBleedingEdge/lib/mono/unityjit-win32'
Mono config path = 'G:/Unity Editor/2021.3.8f1/Editor/Data/MonoBleedingEdge/etc'
Using monoOptions --debugger-agent=transport=dt_socket,embedding=1,server=y,suspend=n,address=127.0.0.1:56948
Begin MonoManager ReloadAssembly
Registering precompiled unity dll's ...
Register platform support module: G:/Unity Editor/2021.3.8f1/Editor/Data/PlaybackEngines/WebGLSupport/UnityEditor.WebGL.Extensions.dll
Register platform support module: G:/Unity Editor/2021.3.8f1/Editor/Data/PlaybackEngines/AndroidPlayer/UnityEditor.Android.Extensions.dll
Register platform support module: G:/Unity Editor/2021.3.8f1/Editor/Data/PlaybackEngines/iOSSupport/UnityEditor.iOS.Extensions.dll
Register platform support module: G:/Unity Editor/2021.3.8f1/Editor/Data/PlaybackEngines/WindowsStandaloneSupport/UnityEditor.WindowsStandalone.Extensions.dll
Registered in 0.003304 seconds.
Native extension for WindowsStandalone target not found
[usbmuxd] Start listen thread
[usbmuxd] Listen thread started
Native extension for iOS target not found
Native extension for Android target not found
Native extension for WebGL target not found
Refreshing native plugins compatible for Editor in 99.06 ms, found 4 plugins.
Preloading 0 native plugins for Editor in 0.00 ms.
Mono: successfully reloaded assembly
- Completed reload, in  0.512 seconds
Domain Reload Profiling:
	ReloadAssembly (513ms)
		BeginReloadAssembly (67ms)
			ExecutionOrderSort (0ms)
			DisableScriptedObjects (0ms)
			BackupInstance (0ms)
			ReleaseScriptingObjects (0ms)
			CreateAndSetChildDomain (1ms)
		EndReloadAssembly (372ms)
			LoadAssemblies (68ms)
			RebuildTransferFunctionScriptingTraits (0ms)
			SetupTypeCache (72ms)
			ReleaseScriptCaches (0ms)
			RebuildScriptCaches (20ms)
			SetupLoadedEditorAssemblies (244ms)
				LogAssemblyErrors (0ms)
				InitializePlatformSupportModulesInManaged (44ms)
				SetLoadedEditorAssemblies (0ms)
				RefreshPlugins (99ms)
				BeforeProcessingInitializeOnLoad (1ms)
				ProcessInitializeOnLoadAttributes (68ms)
				ProcessInitializeOnLoadMethodAttributes (31ms)
				AfterProcessingInitializeOnLoad (0ms)
				EditorAssembliesLoaded (0ms)
			ExecutionOrderSort2 (0ms)
			AwakeInstancesAfterBackupRestoration (0ms)
Platform modules already initialized, skipping
Registering precompiled user dll's ...
Registered in 0.008286 seconds.
Begin MonoManager ReloadAssembly
Symbol file LoadedFromMemory doesn't match image G:\Git_Horizontally Scrolling Shooter Repository\Horizontally-Scrolling-Shooter\Library\PackageCache\com.unity.visualscripting@1.7.8\Editor\VisualScripting.Core\Dependencies\DotNetZip\Unity.VisualScripting.IonicZip.dll
Symbol file LoadedFromMemory doesn't match image G:\Git_Horizontally Scrolling Shooter Repository\Horizontally-Scrolling-Shooter\Library\PackageCache\com.unity.visualscripting@1.7.8\Editor\VisualScripting.Core\Dependencies\YamlDotNet\Unity.VisualScripting.YamlDotNet.dll
Native extension for WindowsStandalone target not found
Native extension for iOS target not found
Native extension for Android target not found
Native extension for WebGL target not found
Refreshing native plugins compatible for Editor in 102.96 ms, found 4 plugins.
Preloading 0 native plugins for Editor in 0.00 ms.
Package Manager log level set to [2]
Mono: successfully reloaded assembly
- Completed reload, in  1.274 seconds
Domain Reload Profiling:
	ReloadAssembly (1275ms)
		BeginReloadAssembly (221ms)
			ExecutionOrderSort (0ms)
			DisableScriptedObjects (6ms)
			BackupInstance (0ms)
			ReleaseScriptingObjects (0ms)
			CreateAndSetChildDomain (119ms)
		EndReloadAssembly (979ms)
			LoadAssemblies (119ms)
			RebuildTransferFunctionScriptingTraits (0ms)
			SetupTypeCache (188ms)
			ReleaseScriptCaches (1ms)
			RebuildScriptCaches (60ms)
			SetupLoadedEditorAssemblies (609ms)
				LogAssemblyErrors (0ms)
				InitializePlatformSupportModulesInManaged (17ms)
				SetLoadedEditorAssemblies (0ms)
				RefreshPlugins (103ms)
				BeforeProcessingInitializeOnLoad (109ms)
				ProcessInitializeOnLoadAttributes (265ms)
				ProcessInitializeOnLoadMethodAttributes (113ms)
				AfterProcessingInitializeOnLoad (3ms)
				EditorAssembliesLoaded (0ms)
			ExecutionOrderSort2 (0ms)
			AwakeInstancesAfterBackupRestoration (5ms)
Platform modules already initialized, skipping
========================================================================
Worker process is ready to serve import requests
Launched and connected shader compiler UnityShaderCompiler.exe after 0.05 seconds
Refreshing native plugins compatible for Editor in 1.37 ms, found 4 plugins.
Preloading 0 native plugins for Editor in 0.00 ms.
Unloading 6283 Unused Serialized files (Serialized files now loaded: 0)
Unloading 78 unused Assets / (0.7 MB). Loaded Objects now: 6718.
Memory consumption went from 250.0 MB to 249.3 MB.
Total: 6.122300 ms (FindLiveObjects: 0.400300 ms CreateObjectMapping: 0.217400 ms MarkObjects: 5.237300 ms  DeleteObjects: 0.266700 ms)

AssetImportParameters requested are different than current active one (requested -> active):
  custom:video-decoder-ogg-theora: a1e56fd34408186e4bbccfd4996cb3dc -> 
  custom:container-muxer-webm: aa71ff27fc2769a1b78a27578f13a17b -> 
  custom:container-demuxer-webm: 4f35f7cbe854078d1ac9338744f61a02 -> 
  custom:video-encoder-webm-vp8: eb34c28f22e8b96e1ab97ce403110664 -> 
  custom:audio-encoder-webm-vorbis: bf7c407c2cedff20999df2af8eb42d56 -> 
  custom:framework-win-MediaFoundation: 216162199b28c13a410421893ffa2e32 -> 
  custom:container-demuxer-ogg: 62fdf1f143b41e24485cea50d1cbac27 -> 
  custom:video-decoder-webm-vp8: 9c59270c3fd7afecdb556c50c9e8de78 -> 
  custom:audio-decoder-ogg-vorbis: bf7c407c2cedff20999df2af8eb42d56 -> 
========================================================================
Received Import Request.
  Time since last request: 101155.431821 seconds.
  path: Assets/My Resources/Background/Techno/Prefab.cs
  artifactKey: Guid(4a7edc65d6a732e4a832ff1d5479a4d0) Importer(815301076,1909f56bfc062723c751e8b465ee728b)
Start importing Assets/My Resources/Background/Techno/Prefab.cs using Guid(4a7edc65d6a732e4a832ff1d5479a4d0) Importer(815301076,1909f56bfc062723c751e8b465ee728b)  -> (artifact id: '85a1588c9cfa8bf72882352811127446') in 0.032577 seconds 
========================================================================
Received Prepare
Registering precompiled user dll's ...
Registered in 0.007698 seconds.
Begin MonoManager ReloadAssembly
Symbol file LoadedFromMemory doesn't match image G:\Git_Horizontally Scrolling Shooter Repository\Horizontally-Scrolling-Shooter\Library\PackageCache\com.unity.visualscripting@1.7.8\Editor\VisualScripting.Core\Dependencies\DotNetZip\Unity.VisualScripting.IonicZip.dll
Symbol file LoadedFromMemory doesn't match image G:\Git_Horizontally Scrolling Shooter Repository\Horizontally-Scrolling-Shooter\Library\PackageCache\com.unity.visualscripting@1.7.8\Editor\VisualScripting.Core\Dependencies\YamlDotNet\Unity.VisualScripting.YamlDotNet.dll
Native extension for WindowsStandalone target not found
Native extension for iOS target not found
Native extension for Android target not found
Native extension for WebGL target not found
Refreshing native plugins compatible for Editor in 1.05 ms, found 4 plugins.
Preloading 0 native plugins for Editor in 0.00 ms.
Mono: successfully reloaded assembly
- Completed reload, in  0.915 seconds
Domain Reload Profiling:
	ReloadAssembly (915ms)
		BeginReloadAssembly (126ms)
			ExecutionOrderSort (0ms)
			DisableScriptedObjects (5ms)
			BackupInstance (0ms)
			ReleaseScriptingObjects (0ms)
			CreateAndSetChildDomain (40ms)
		EndReloadAssembly (728ms)
			LoadAssemblies (101ms)
			RebuildTransferFunctionScriptingTraits (0ms)
			SetupTypeCache (178ms)
			ReleaseScriptCaches (2ms)
			RebuildScriptCaches (40ms)
			SetupLoadedEditorAssemblies (398ms)
				LogAssemblyErrors (0ms)
				InitializePlatformSupportModulesInManaged (20ms)
				SetLoadedEditorAssemblies (0ms)
				RefreshPlugins (1ms)
				BeforeProcessingInitializeOnLoad (77ms)
				ProcessInitializeOnLoadAttributes (200ms)
				ProcessInitializeOnLoadMethodAttributes (98ms)
				AfterProcessingInitializeOnLoad (2ms)
				EditorAssembliesLoaded (0ms)
			ExecutionOrderSort2 (0ms)
			AwakeInstancesAfterBackupRestoration (5ms)
Platform modules already initialized, skipping
Refreshing native plugins compatible for Editor in 3.79 ms, found 4 plugins.
Preloading 0 native plugins for Editor in 0.00 ms.
Unloading 6155 Unused Serialized files (Serialized files now loaded: 0)
Unloading 65 unused Assets / (0.7 MB). Loaded Objects now: 6721.
Memory consumption went from 239.3 MB to 238.6 MB.
Total: 5.771700 ms (FindLiveObjects: 0.349700 ms CreateObjectMapping: 0.142200 ms MarkObjects: 5.048400 ms  DeleteObjects: 0.230900 ms)

AssetImportParameters requested are different than current active one (requested -> active):
  custom:video-decoder-ogg-theora: a1e56fd34408186e4bbccfd4996cb3dc -> 
  custom:container-muxer-webm: aa71ff27fc2769a1b78a27578f13a17b -> 
  custom:container-demuxer-webm: 4f35f7cbe854078d1ac9338744f61a02 -> 
  custom:video-encoder-webm-vp8: eb34c28f22e8b96e1ab97ce403110664 -> 
  custom:audio-encoder-webm-vorbis: bf7c407c2cedff20999df2af8eb42d56 -> 
  custom:framework-win-MediaFoundation: 216162199b28c13a410421893ffa2e32 -> 
  custom:container-demuxer-ogg: 62fdf1f143b41e24485cea50d1cbac27 -> 
  custom:video-decoder-webm-vp8: 9c59270c3fd7afecdb556c50c9e8de78 -> 
  custom:audio-decoder-ogg-vorbis: bf7c407c2cedff20999df2af8eb42d56 -> 
========================================================================
Received Import Request.
  Time since last request: 13.687992 seconds.
  path: Assets/My Resources/Background/Techno/Prefab
  artifactKey: Guid(49c274e81f899e148823801478af1afb) Importer(815301076,1909f56bfc062723c751e8b465ee728b)
Start importing Assets/My Resources/Background/Techno/Prefab using Guid(49c274e81f899e148823801478af1afb) Importer(815301076,1909f56bfc062723c751e8b465ee728b)  -> (artifact id: '77d970d6b6594108f3b3ad92a2f178b6') in 0.010017 seconds 
========================================================================
Received Import Request.
  Time since last request: 19.793957 seconds.
  path: Assets/My Resources/Background/Techno/Prefab/fore_bottom_end_left.prefab
  artifactKey: Guid(dc5b63f6d34c3fa4b8fdb45e94d8a66c) Importer(815301076,1909f56bfc062723c751e8b465ee728b)
Start importing Assets/My Resources/Background/Techno/Prefab/fore_bottom_end_left.prefab using Guid(dc5b63f6d34c3fa4b8fdb45e94d8a66c) Importer(815301076,1909f56bfc062723c751e8b465ee728b)  -> (artifact id: 'd47da0177f2995d0a218457a69411954') in 0.074659 seconds 
========================================================================
Received Import Request.
  Time since last request: 11.871307 seconds.
  path: Assets/My Resources/Background/Techno/Prefab/Bottom1.prefab
  artifactKey: Guid(dc5b63f6d34c3fa4b8fdb45e94d8a66c) Importer(815301076,1909f56bfc062723c751e8b465ee728b)
Start importing Assets/My Resources/Background/Techno/Prefab/Bottom1.prefab using Guid(dc5b63f6d34c3fa4b8fdb45e94d8a66c) Importer(815301076,1909f56bfc062723c751e8b465ee728b)  -> (artifact id: 'ca525e5b87896ce30ab50ddfb0c30465') in 0.011329 seconds 
========================================================================
Received Import Request.
  Time since last request: 320.964957 seconds.
  path: Assets/My Resources/Background/Techno/fore_bottom_end_left.png
  artifactKey: Guid(11aac51f4b7e7524f923344a64a93364) Importer(815301076,1909f56bfc062723c751e8b465ee728b)
Start importing Assets/My Resources/Background/Techno/fore_bottom_end_left.png using Guid(11aac51f4b7e7524f923344a64a93364) Importer(815301076,1909f56bfc062723c751e8b465ee728b)  -> (artifact id: '3eb7c2987f567ab8975ca3a60c4c1aaa') in 0.043198 seconds 
========================================================================
Received Import Request.
  Time since last request: 93.843462 seconds.
  path: Assets/My Resources/Background/Techno/fore_bottom_end_right.png
  artifactKey: Guid(b2d0e2c774bd7814c8d2522da176c7ff) Importer(815301076,1909f56bfc062723c751e8b465ee728b)
Start importing Assets/My Resources/Background/Techno/fore_bottom_end_right.png using Guid(b2d0e2c774bd7814c8d2522da176c7ff) Importer(815301076,1909f56bfc062723c751e8b465ee728b)  -> (artifact id: 'a5214a0e228d171a50ee52ff6d0c98cd') in 0.013569 seconds 
========================================================================
Received Import Request.
  Time since last request: 23.336248 seconds.
  path: Assets/My Resources/Background/Techno/Prefab/Bottom1.prefab
  artifactKey: Guid(dc5b63f6d34c3fa4b8fdb45e94d8a66c) Importer(815301076,1909f56bfc062723c751e8b465ee728b)
Start importing Assets/My Resources/Background/Techno/Prefab/Bottom1.prefab using Guid(dc5b63f6d34c3fa4b8fdb45e94d8a66c) Importer(815301076,1909f56bfc062723c751e8b465ee728b)  -> (artifact id: '9abb7b75863f929ac8834d9ae75bed5a') in 0.008213 seconds 
========================================================================
Received Import Request.
  Time since last request: 2.458036 seconds.
  path: Assets/My Resources/Background/Techno/Prefab/fore_bottom_end_left.prefab
  artifactKey: Guid(79fbcc0f66228b3478faa0030954dff4) Importer(815301076,1909f56bfc062723c751e8b465ee728b)
Start importing Assets/My Resources/Background/Techno/Prefab/fore_bottom_end_left.prefab using Guid(79fbcc0f66228b3478faa0030954dff4) Importer(815301076,1909f56bfc062723c751e8b465ee728b)  -> (artifact id: 'af5dbfd2bac185c36ddc428bbe639fb3') in 0.014765 seconds 
========================================================================
Received Import Request.
  Time since last request: 7.160728 seconds.
  path: Assets/My Resources/Background/Techno/Prefab/fore_bottom_end_left.prefab
  artifactKey: Guid(79fbcc0f66228b3478faa0030954dff4) Importer(815301076,1909f56bfc062723c751e8b465ee728b)
Start importing Assets/My Resources/Background/Techno/Prefab/fore_bottom_end_left.prefab using Guid(79fbcc0f66228b3478faa0030954dff4) Importer(815301076,1909f56bfc062723c751e8b465ee728b)  -> (artifact id: '2b16746b88e5fa79f55ff4f1287b54ec') in 0.012095 seconds 
========================================================================
Received Import Request.
  Time since last request: 78.549240 seconds.
  path: Assets/My Resources/Background/Techno/fore_bottom_single.png
  artifactKey: Guid(f845f05196ef47b40bb1b4fa0c83e357) Importer(815301076,1909f56bfc062723c751e8b465ee728b)
Start importing Assets/My Resources/Background/Techno/fore_bottom_single.png using Guid(f845f05196ef47b40bb1b4fa0c83e357) Importer(815301076,1909f56bfc062723c751e8b465ee728b)  -> (artifact id: '50f40871f2d48412d9622d40609c155c') in 0.016384 seconds 
========================================================================
Received Import Request.
  Time since last request: 18.582147 seconds.
  path: Assets/My Resources/Background/Techno/Prefab/fore_bottom_single.prefab
  artifactKey: Guid(acceea0c3ba85694ba538f76879e81e5) Importer(815301076,1909f56bfc062723c751e8b465ee728b)
Start importing Assets/My Resources/Background/Techno/Prefab/fore_bottom_single.prefab using Guid(acceea0c3ba85694ba538f76879e81e5) Importer(815301076,1909f56bfc062723c751e8b465ee728b)  -> (artifact id: 'f2ea4adef4117e2f551fcef060f5084e') in 0.012121 seconds 
========================================================================
Received Import Request.
  Time since last request: 7.596189 seconds.
  path: Assets/My Resources/Background/Techno/Prefab/fore_bottom_single.prefab
  artifactKey: Guid(acceea0c3ba85694ba538f76879e81e5) Importer(815301076,1909f56bfc062723c751e8b465ee728b)
Start importing Assets/My Resources/Background/Techno/Prefab/fore_bottom_single.prefab using Guid(acceea0c3ba85694ba538f76879e81e5) Importer(815301076,1909f56bfc062723c751e8b465ee728b)  -> (artifact id: '79145bb05469d6e3ddb42a811f532bdf') in 0.009992 seconds 
========================================================================
Received Import Request.
  Time since last request: 2.797584 seconds.
  path: Assets/My Resources/Background/Techno/Prefab/fore_bottom_single.prefab
  artifactKey: Guid(acceea0c3ba85694ba538f76879e81e5) Importer(815301076,1909f56bfc062723c751e8b465ee728b)
Start importing Assets/My Resources/Background/Techno/Prefab/fore_bottom_single.prefab using Guid(acceea0c3ba85694ba538f76879e81e5) Importer(815301076,1909f56bfc062723c751e8b465ee728b)  -> (artifact id: '6821a7b47be723a792ce0afb1450b83d') in 0.009435 seconds 
========================================================================
Received Import Request.
  Time since last request: 0.981645 seconds.
  path: Assets/My Resources/Background/Techno/Prefab/fore_bottom_single.prefab
  artifactKey: Guid(acceea0c3ba85694ba538f76879e81e5) Importer(815301076,1909f56bfc062723c751e8b465ee728b)
Start importing Assets/My Resources/Background/Techno/Prefab/fore_bottom_single.prefab using Guid(acceea0c3ba85694ba538f76879e81e5) Importer(815301076,1909f56bfc062723c751e8b465ee728b)  -> (artifact id: '0113d51f77c2e1cc5b9f97f6ec4e3efd') in 0.009046 seconds 
========================================================================
Received Import Request.
  Time since last request: 71.894003 seconds.
  path: Assets/My Resources/Background/Techno/Prefab/fore_bottom_single.prefab
  artifactKey: Guid(acceea0c3ba85694ba538f76879e81e5) Importer(815301076,1909f56bfc062723c751e8b465ee728b)
Start importing Assets/My Resources/Background/Techno/Prefab/fore_bottom_single.prefab using Guid(acceea0c3ba85694ba538f76879e81e5) Importer(815301076,1909f56bfc062723c751e8b465ee728b)  -> (artifact id: '8fda3546a20a9f560808cd36cb966290') in 0.010022 seconds 
========================================================================
Received Import Request.
  Time since last request: 1.984249 seconds.
  path: Assets/My Resources/Background/Techno/Prefab/fore_bottom_end_left.prefab
  artifactKey: Guid(79fbcc0f66228b3478faa0030954dff4) Importer(815301076,1909f56bfc062723c751e8b465ee728b)
Start importing Assets/My Resources/Background/Techno/Prefab/fore_bottom_end_left.prefab using Guid(79fbcc0f66228b3478faa0030954dff4) Importer(815301076,1909f56bfc062723c751e8b465ee728b)  -> (artifact id: '9a48cd680c949c46a7642cdaa3cbbb7b') in 0.011144 seconds 
========================================================================
Received Import Request.
  Time since last request: 377.033103 seconds.
  path: Assets/My Resources/Background/Techno/fore_bottom_tile.png
  artifactKey: Guid(e95fe5012a404c5408fd60a497b43545) Importer(815301076,1909f56bfc062723c751e8b465ee728b)
Start importing Assets/My Resources/Background/Techno/fore_bottom_tile.png using Guid(e95fe5012a404c5408fd60a497b43545) Importer(815301076,1909f56bfc062723c751e8b465ee728b)  -> (artifact id: '0ed1dd4d0fc674dd6a2f9ac5c7b33903') in 0.013524 seconds 
========================================================================
Received Import Request.
  Time since last request: 126.600930 seconds.
  path: Assets/My Resources/Background/Techno/fore_bottom_tile2.png
  artifactKey: Guid(929b5bedf10a0b94fbac1a21f68b0dd0) Importer(815301076,1909f56bfc062723c751e8b465ee728b)
Start importing Assets/My Resources/Background/Techno/fore_bottom_tile2.png using Guid(929b5bedf10a0b94fbac1a21f68b0dd0) Importer(815301076,1909f56bfc062723c751e8b465ee728b)  -> (artifact id: 'f5617b89216db512e42fe5553f777659') in 0.013019 seconds 
========================================================================
Received Import Request.
  Time since last request: 23.328977 seconds.
  path: Assets/My Resources/Background/Techno/Prefab/fore_bottom_tile.prefab
  artifactKey: Guid(ed5c4a2ecbc33204ebd718ff20ead3bf) Importer(815301076,1909f56bfc062723c751e8b465ee728b)
Start importing Assets/My Resources/Background/Techno/Prefab/fore_bottom_tile.prefab using Guid(ed5c4a2ecbc33204ebd718ff20ead3bf) Importer(815301076,1909f56bfc062723c751e8b465ee728b)  -> (artifact id: 'fb82a25e0180abad4b2998f2d74475dd') in 0.010193 seconds 
========================================================================
Received Import Request.
  Time since last request: 52.791812 seconds.
  path: Assets/My Resources/Background/Techno/fore_top_end_left.png
  artifactKey: Guid(c69b8a66961335e46bcaf817e20c7494) Importer(815301076,1909f56bfc062723c751e8b465ee728b)
Start importing Assets/My Resources/Background/Techno/fore_top_end_left.png using Guid(c69b8a66961335e46bcaf817e20c7494) Importer(815301076,1909f56bfc062723c751e8b465ee728b)  -> (artifact id: '1bd09a0b8c048399f3a5bd08dc25d7ae') in 0.010841 seconds 
========================================================================
Received Import Request.
  Time since last request: 97.928045 seconds.
  path: Assets/My Resources/Background/Techno/fore_top_end_right.png
  artifactKey: Guid(30246f7387cffc5498946a68cfd4bfd9) Importer(815301076,1909f56bfc062723c751e8b465ee728b)
Start importing Assets/My Resources/Background/Techno/fore_top_end_right.png using Guid(30246f7387cffc5498946a68cfd4bfd9) Importer(815301076,1909f56bfc062723c751e8b465ee728b)  -> (artifact id: '3a355c48f1a8387714c1f140a9a8024a') in 0.012464 seconds 
========================================================================
Received Import Request.
  Time since last request: 28.645938 seconds.
  path: Assets/My Resources/Background/Techno/Prefab/fore_top_end_left.prefab
  artifactKey: Guid(e1162d86b6b9b2e4f9efbbd77ee7dd48) Importer(815301076,1909f56bfc062723c751e8b465ee728b)
Start importing Assets/My Resources/Background/Techno/Prefab/fore_top_end_left.prefab using Guid(e1162d86b6b9b2e4f9efbbd77ee7dd48) Importer(815301076,1909f56bfc062723c751e8b465ee728b)  -> (artifact id: '510db8b1c844e51388e345ca6d5e4098') in 0.013166 seconds 
========================================================================
Received Import Request.
  Time since last request: 5.312595 seconds.
  path: Assets/My Resources/Background/Techno/Prefab/fore_top1.prefab
  artifactKey: Guid(e1162d86b6b9b2e4f9efbbd77ee7dd48) Importer(815301076,1909f56bfc062723c751e8b465ee728b)
Start importing Assets/My Resources/Background/Techno/Prefab/fore_top1.prefab using Guid(e1162d86b6b9b2e4f9efbbd77ee7dd48) Importer(815301076,1909f56bfc062723c751e8b465ee728b)  -> (artifact id: 'e2441047ca95a294e087a16e4e34cf49') in 0.011968 seconds 
========================================================================
Received Import Request.
  Time since last request: 7.233222 seconds.
  path: Assets/My Resources/Background/Techno/Prefab/fore_bottom1.prefab
  artifactKey: Guid(79fbcc0f66228b3478faa0030954dff4) Importer(815301076,1909f56bfc062723c751e8b465ee728b)
Start importing Assets/My Resources/Background/Techno/Prefab/fore_bottom1.prefab using Guid(79fbcc0f66228b3478faa0030954dff4) Importer(815301076,1909f56bfc062723c751e8b465ee728b)  -> (artifact id: '8ae48035b2ccdbdd59c21b9e46b41230') in 0.008839 seconds 
========================================================================
Received Import Request.
  Time since last request: 3.351288 seconds.
  path: Assets/My Resources/Background/Techno/Prefab/fore_bottom2.prefab
  artifactKey: Guid(acceea0c3ba85694ba538f76879e81e5) Importer(815301076,1909f56bfc062723c751e8b465ee728b)
Start importing Assets/My Resources/Background/Techno/Prefab/fore_bottom2.prefab using Guid(acceea0c3ba85694ba538f76879e81e5) Importer(815301076,1909f56bfc062723c751e8b465ee728b)  -> (artifact id: '3c297bbe4c8931b2652d28a32ea9f934') in 0.009242 seconds 
========================================================================
Received Import Request.
  Time since last request: 73.563659 seconds.
  path: Assets/My Resources/Background/Techno/fore_top_single.png
  artifactKey: Guid(62ec9e958b2a1eb46a279c1d61d50e1f) Importer(815301076,1909f56bfc062723c751e8b465ee728b)
Start importing Assets/My Resources/Background/Techno/fore_top_single.png using Guid(62ec9e958b2a1eb46a279c1d61d50e1f) Importer(815301076,1909f56bfc062723c751e8b465ee728b)  -> (artifact id: '3f5c1e359c2c1fd70258eef698800391') in 0.012937 seconds 
========================================================================
Received Import Request.
  Time since last request: 24.307865 seconds.
  path: Assets/My Resources/Background/Techno/Prefab/fore_top_single.prefab
  artifactKey: Guid(ec428f63898c99a4a83b61c3f1c3a9b1) Importer(815301076,1909f56bfc062723c751e8b465ee728b)
Start importing Assets/My Resources/Background/Techno/Prefab/fore_top_single.prefab using Guid(ec428f63898c99a4a83b61c3f1c3a9b1) Importer(815301076,1909f56bfc062723c751e8b465ee728b)  -> (artifact id: '315432c1bf96648e32d902f2467d6a26') in 0.009650 seconds 
========================================================================
Received Import Request.
  Time since last request: 4.612129 seconds.
  path: Assets/My Resources/Background/Techno/Prefab/fore_top2.prefab
  artifactKey: Guid(ec428f63898c99a4a83b61c3f1c3a9b1) Importer(815301076,1909f56bfc062723c751e8b465ee728b)
Start importing Assets/My Resources/Background/Techno/Prefab/fore_top2.prefab using Guid(ec428f63898c99a4a83b61c3f1c3a9b1) Importer(815301076,1909f56bfc062723c751e8b465ee728b)  -> (artifact id: '5fa63100ec01a7943b1b27da4a0e6fb4') in 0.009809 seconds 
========================================================================
Received Import Request.
  Time since last request: 77.763535 seconds.
  path: Assets/My Resources/Background/Techno/fore_top_tile.png
  artifactKey: Guid(35a65e85c61dc354ba5881fb223a15b5) Importer(815301076,1909f56bfc062723c751e8b465ee728b)
Start importing Assets/My Resources/Background/Techno/fore_top_tile.png using Guid(35a65e85c61dc354ba5881fb223a15b5) Importer(815301076,1909f56bfc062723c751e8b465ee728b)  -> (artifact id: 'ccf963838dab9350a8b7d2cc4f47a19b') in 0.012996 seconds 
========================================================================
Received Import Request.
  Time since last request: 73.258897 seconds.
  path: Assets/My Resources/Background/Techno/fore_top_tile2.png
  artifactKey: Guid(43cebcde23f26cf4f89b00cd7453300d) Importer(815301076,1909f56bfc062723c751e8b465ee728b)
Start importing Assets/My Resources/Background/Techno/fore_top_tile2.png using Guid(43cebcde23f26cf4f89b00cd7453300d) Importer(815301076,1909f56bfc062723c751e8b465ee728b)  -> (artifact id: '45d9c83c905b24ca0cbe77192e7a3883') in 0.014734 seconds 
========================================================================
Received Import Request.
  Time since last request: 125.247805 seconds.
  path: Assets/My Resources/Background/Techno/Prefab/fore_top_tile.prefab
  artifactKey: Guid(d6ac2d48df2ac2b4f84bbef6ba870b66) Importer(815301076,1909f56bfc062723c751e8b465ee728b)
Start importing Assets/My Resources/Background/Techno/Prefab/fore_top_tile.prefab using Guid(d6ac2d48df2ac2b4f84bbef6ba870b66) Importer(815301076,1909f56bfc062723c751e8b465ee728b)  -> (artifact id: 'd014f6a811d917eb271d22d9964f69af') in 0.011188 seconds 
========================================================================
Received Import Request.
  Time since last request: 62.837195 seconds.
  path: Assets/My Prefabs/Warp.prefab
  artifactKey: Guid(edeb3e04b84435c4c893afcf0bfe1f53) Importer(815301076,1909f56bfc062723c751e8b465ee728b)
Start importing Assets/My Prefabs/Warp.prefab using Guid(edeb3e04b84435c4c893afcf0bfe1f53) Importer(815301076,1909f56bfc062723c751e8b465ee728b)  -> (artifact id: 'e49244cf5abea2f673bbf34e6e09929f') in 0.009394 seconds 
========================================================================
Received Import Request.
  Time since last request: 26.557299 seconds.
  path: Assets/My Prefabs/BackgroundAll.prefab
  artifactKey: Guid(fa31311967009c048a99a677ae9f60a4) Importer(815301076,1909f56bfc062723c751e8b465ee728b)
Start importing Assets/My Prefabs/BackgroundAll.prefab using Guid(fa31311967009c048a99a677ae9f60a4) Importer(815301076,1909f56bfc062723c751e8b465ee728b)  -> (artifact id: '7745cc09adc6cc981a21d6cb9ab5cc0b') in 0.080424 seconds 
========================================================================
Received Import Request.
  Time since last request: 49.614233 seconds.
  path: Assets/My Resources/Background/Techno/Prefab/Metal Wall.prefab
  artifactKey: Guid(1ef5dfcf239c29046b1eabdcaf7d750d) Importer(815301076,1909f56bfc062723c751e8b465ee728b)
Start importing Assets/My Resources/Background/Techno/Prefab/Metal Wall.prefab using Guid(1ef5dfcf239c29046b1eabdcaf7d750d) Importer(815301076,1909f56bfc062723c751e8b465ee728b)  -> (artifact id: '84c52026831311d96525b7cef0ddc1e7') in 0.010956 seconds 
========================================================================
Received Import Request.
  Time since last request: 4.711068 seconds.
  path: Assets/My Resources/Background/Techno/Prefab/Metal Wall.prefab
  artifactKey: Guid(1ef5dfcf239c29046b1eabdcaf7d750d) Importer(815301076,1909f56bfc062723c751e8b465ee728b)
Start importing Assets/My Resources/Background/Techno/Prefab/Metal Wall.prefab using Guid(1ef5dfcf239c29046b1eabdcaf7d750d) Importer(815301076,1909f56bfc062723c751e8b465ee728b)  -> (artifact id: '63b89f18c450085afe82d680c25b691c') in 0.010958 seconds 
========================================================================
Received Import Request.
  Time since last request: 3.940928 seconds.
  path: Assets/My Resources/Background/Techno/Prefab/Metal Wall.prefab
  artifactKey: Guid(1ef5dfcf239c29046b1eabdcaf7d750d) Importer(815301076,1909f56bfc062723c751e8b465ee728b)
Start importing Assets/My Resources/Background/Techno/Prefab/Metal Wall.prefab using Guid(1ef5dfcf239c29046b1eabdcaf7d750d) Importer(815301076,1909f56bfc062723c751e8b465ee728b)  -> (artifact id: '6a8ec2cc5fad065f248f9bca3b76583c') in 0.010646 seconds 
========================================================================
Received Import Request.
  Time since last request: 37.558913 seconds.
  path: Assets/My Resources/Background/Techno/Prefab/Planet.prefab
  artifactKey: Guid(2f5cbe99cf4ced1418fc466c63574349) Importer(815301076,1909f56bfc062723c751e8b465ee728b)
Start importing Assets/My Resources/Background/Techno/Prefab/Planet.prefab using Guid(2f5cbe99cf4ced1418fc466c63574349) Importer(815301076,1909f56bfc062723c751e8b465ee728b)  -> (artifact id: '0a0d3386d65be95d64dbe9c296292446') in 0.013287 seconds 
========================================================================
Received Import Request.
  Time since last request: 78.379366 seconds.
  path: Assets/My Resources/Background/Techno/Prefab/fore_bottom1 -4.4.prefab
  artifactKey: Guid(79fbcc0f66228b3478faa0030954dff4) Importer(815301076,1909f56bfc062723c751e8b465ee728b)
Start importing Assets/My Resources/Background/Techno/Prefab/fore_bottom1 -4.4.prefab using Guid(79fbcc0f66228b3478faa0030954dff4) Importer(815301076,1909f56bfc062723c751e8b465ee728b)  -> (artifact id: 'b19deaf158c1ddd4f77be743bbb659e8') in 0.010203 seconds 
========================================================================
Received Import Request.
  Time since last request: 39.287842 seconds.
  path: Assets/My Resources/Background/Techno/Prefab/fore_bottom1.prefab
  artifactKey: Guid(79fbcc0f66228b3478faa0030954dff4) Importer(815301076,1909f56bfc062723c751e8b465ee728b)
Start importing Assets/My Resources/Background/Techno/Prefab/fore_bottom1.prefab using Guid(79fbcc0f66228b3478faa0030954dff4) Importer(815301076,1909f56bfc062723c751e8b465ee728b)  -> (artifact id: '80b3de84186bf2f288c792923a4eb1bf') in 0.010612 seconds 
========================================================================
Received Import Request.
  Time since last request: 22.701366 seconds.
  path: Assets/My Resources/Background/Techno/Prefab/fore_bottom2.prefab
  artifactKey: Guid(acceea0c3ba85694ba538f76879e81e5) Importer(815301076,1909f56bfc062723c751e8b465ee728b)
Start importing Assets/My Resources/Background/Techno/Prefab/fore_bottom2.prefab using Guid(acceea0c3ba85694ba538f76879e81e5) Importer(815301076,1909f56bfc062723c751e8b465ee728b)  -> (artifact id: '2adea3f25dfd0ea18e391afeb48e5c8b') in 0.011169 seconds 
========================================================================
Received Import Request.
  Time since last request: 15.677421 seconds.
  path: Assets/My Resources/Background/Techno/Prefab/fore_bottom_tile.prefab
  artifactKey: Guid(ed5c4a2ecbc33204ebd718ff20ead3bf) Importer(815301076,1909f56bfc062723c751e8b465ee728b)
Start importing Assets/My Resources/Background/Techno/Prefab/fore_bottom_tile.prefab using Guid(ed5c4a2ecbc33204ebd718ff20ead3bf) Importer(815301076,1909f56bfc062723c751e8b465ee728b)  -> (artifact id: '474f690d7a85401b38ded7fd4b27c75e') in 0.012096 seconds 
========================================================================
Received Import Request.
  Time since last request: 2.391389 seconds.
  path: Assets/My Resources/Background/Techno/Prefab/fore_bottom_tile.prefab
  artifactKey: Guid(ed5c4a2ecbc33204ebd718ff20ead3bf) Importer(815301076,1909f56bfc062723c751e8b465ee728b)
Start importing Assets/My Resources/Background/Techno/Prefab/fore_bottom_tile.prefab using Guid(ed5c4a2ecbc33204ebd718ff20ead3bf) Importer(815301076,1909f56bfc062723c751e8b465ee728b)  -> (artifact id: '3eb49751734af964651e24f7323d366c') in 0.009696 seconds 
========================================================================
Received Import Request.
  Time since last request: 14.805736 seconds.
  path: Assets/My Resources/Background/Techno/Prefab/fore_top1.prefab
  artifactKey: Guid(e1162d86b6b9b2e4f9efbbd77ee7dd48) Importer(815301076,1909f56bfc062723c751e8b465ee728b)
Start importing Assets/My Resources/Background/Techno/Prefab/fore_top1.prefab using Guid(e1162d86b6b9b2e4f9efbbd77ee7dd48) Importer(815301076,1909f56bfc062723c751e8b465ee728b)  -> (artifact id: 'd4c8ebacee4b3631b1db4aeeeff4f12a') in 0.009417 seconds 
========================================================================
Received Import Request.
  Time since last request: 1.384318 seconds.
  path: Assets/My Resources/Background/Techno/Prefab/fore_top1.prefab
  artifactKey: Guid(e1162d86b6b9b2e4f9efbbd77ee7dd48) Importer(815301076,1909f56bfc062723c751e8b465ee728b)
Start importing Assets/My Resources/Background/Techno/Prefab/fore_top1.prefab using Guid(e1162d86b6b9b2e4f9efbbd77ee7dd48) Importer(815301076,1909f56bfc062723c751e8b465ee728b)  -> (artifact id: '089d66ee40e0be9db5162da76134e25e') in 0.009869 seconds 
========================================================================
Received Import Request.
  Time since last request: 8.263524 seconds.
  path: Assets/My Resources/Background/Techno/Prefab/fore_top2.prefab
  artifactKey: Guid(ec428f63898c99a4a83b61c3f1c3a9b1) Importer(815301076,1909f56bfc062723c751e8b465ee728b)
Start importing Assets/My Resources/Background/Techno/Prefab/fore_top2.prefab using Guid(ec428f63898c99a4a83b61c3f1c3a9b1) Importer(815301076,1909f56bfc062723c751e8b465ee728b)  -> (artifact id: 'e5ae17df846251ea01f36576810be779') in 0.008779 seconds 
========================================================================
Received Import Request.
  Time since last request: 10.281197 seconds.
  path: Assets/My Resources/Background/Techno/Prefab/fore_top_tile.prefab
  artifactKey: Guid(d6ac2d48df2ac2b4f84bbef6ba870b66) Importer(815301076,1909f56bfc062723c751e8b465ee728b)
Start importing Assets/My Resources/Background/Techno/Prefab/fore_top_tile.prefab using Guid(d6ac2d48df2ac2b4f84bbef6ba870b66) Importer(815301076,1909f56bfc062723c751e8b465ee728b)  -> (artifact id: 'ffce1d473caae007ba58d900ac3ae020') in 0.010732 seconds 
========================================================================
Received Import Request.
  Time since last request: 41.559532 seconds.
  path: Assets/My Resources/Background/Techno/Prefab/Planet.prefab
  artifactKey: Guid(2f5cbe99cf4ced1418fc466c63574349) Importer(815301076,1909f56bfc062723c751e8b465ee728b)
Start importing Assets/My Resources/Background/Techno/Prefab/Planet.prefab using Guid(2f5cbe99cf4ced1418fc466c63574349) Importer(815301076,1909f56bfc062723c751e8b465ee728b)  -> (artifact id: '5cf318ee51cd1ef319c542b1b13fc255') in 0.009857 seconds 
========================================================================
Received Import Request.
  Time since last request: 146.758730 seconds.
  path: ProjectSettings/TagManager.asset
  artifactKey: Guid(00000000000000003000000000000000) Importer(815301076,1909f56bfc062723c751e8b465ee728b)
Start importing ProjectSettings/TagManager.asset using Guid(00000000000000003000000000000000) Importer(815301076,1909f56bfc062723c751e8b465ee728b)  -> (artifact id: '00b35c136a876cea176ba267d2e89e1b') in 0.002652 seconds 
========================================================================
Received Import Request.
  Time since last request: 22.401397 seconds.
  path: Assets/My Resources/Background/Techno/Prefab/fore_bottom1.prefab
  artifactKey: Guid(79fbcc0f66228b3478faa0030954dff4) Importer(815301076,1909f56bfc062723c751e8b465ee728b)
Start importing Assets/My Resources/Background/Techno/Prefab/fore_bottom1.prefab using Guid(79fbcc0f66228b3478faa0030954dff4) Importer(815301076,1909f56bfc062723c751e8b465ee728b)  -> (artifact id: '6da76056f246c0a85e5f12e521affbfb') in 0.010656 seconds 
========================================================================
Received Import Request.
  Time since last request: 0.015133 seconds.
  path: Assets/My Resources/Background/Techno/Prefab/fore_bottom2.prefab
  artifactKey: Guid(acceea0c3ba85694ba538f76879e81e5) Importer(815301076,1909f56bfc062723c751e8b465ee728b)
Start importing Assets/My Resources/Background/Techno/Prefab/fore_bottom2.prefab using Guid(acceea0c3ba85694ba538f76879e81e5) Importer(815301076,1909f56bfc062723c751e8b465ee728b)  -> (artifact id: '30ee1570c80e9d87d7030af43ec3a723') in 0.011589 seconds 
========================================================================
Received Import Request.
  Time since last request: 0.001858 seconds.
  path: Assets/My Resources/Background/Techno/Prefab/fore_top2.prefab
  artifactKey: Guid(ec428f63898c99a4a83b61c3f1c3a9b1) Importer(815301076,1909f56bfc062723c751e8b465ee728b)
Start importing Assets/My Resources/Background/Techno/Prefab/fore_top2.prefab using Guid(ec428f63898c99a4a83b61c3f1c3a9b1) Importer(815301076,1909f56bfc062723c751e8b465ee728b)  -> (artifact id: '6c9214bc1734720a6c36d65ccaaa323a') in 0.009998 seconds 
========================================================================
Received Import Request.
  Time since last request: 0.000014 seconds.
  path: Assets/My Resources/Background/Techno/Prefab/fore_top1.prefab
  artifactKey: Guid(e1162d86b6b9b2e4f9efbbd77ee7dd48) Importer(815301076,1909f56bfc062723c751e8b465ee728b)
Start importing Assets/My Resources/Background/Techno/Prefab/fore_top1.prefab using Guid(e1162d86b6b9b2e4f9efbbd77ee7dd48) Importer(815301076,1909f56bfc062723c751e8b465ee728b)  -> (artifact id: '48a207dd0e148e1c0d5d48c77e653432') in 0.012069 seconds 
========================================================================
Received Import Request.
  Time since last request: 0.000014 seconds.
  path: Assets/My Resources/Background/Techno/Prefab/fore_top_tile.prefab
  artifactKey: Guid(d6ac2d48df2ac2b4f84bbef6ba870b66) Importer(815301076,1909f56bfc062723c751e8b465ee728b)
Start importing Assets/My Resources/Background/Techno/Prefab/fore_top_tile.prefab using Guid(d6ac2d48df2ac2b4f84bbef6ba870b66) Importer(815301076,1909f56bfc062723c751e8b465ee728b)  -> (artifact id: '76159dba0a29a8a893bbe6db24d40d79') in 0.011202 seconds 
Editor requested this worker to shutdown with reason: Scaling down because of idle timeout
AssetImportWorker is now disconnected from the server
Process exiting
Exiting without the bug reporter. Application will terminate with return code 0